#! /c/Source/iverilog-install/bin/vvp
:ivl_version "12.0 (devel)" "(s20150603-1539-g2693dd32b)";
:ivl_delay_selection "TYPICAL";
:vpi_time_precision - 9;
:vpi_module "C:\iverilog\lib\ivl\system.vpi";
:vpi_module "C:\iverilog\lib\ivl\vhdl_sys.vpi";
:vpi_module "C:\iverilog\lib\ivl\vhdl_textio.vpi";
:vpi_module "C:\iverilog\lib\ivl\v2005_math.vpi";
:vpi_module "C:\iverilog\lib\ivl\va_math.vpi";
S_0000021cb18a4e70 .scope module, "nivel1_test" "nivel1_test" 2 3;
 .timescale -3 -3;
v0000021cb192f8a0_0 .var "clearn", 0 0;
v0000021cb192f6c0_0 .var "clk", 0 0;
v0000021cb192f080_0 .var "door_closed", 0 0;
v0000021cb192f1c0_0 .var "keypad", 9 0;
RS_0000021cb18d6398 .resolv tri, v0000021cb1930a20_0, L_0000021cb18c10b0;
v0000021cb192fe40_0 .net8 "mag_on", 0 0, RS_0000021cb18d6398;  2 drivers
v0000021cb1930840_0 .net "min_segs", 6 0, v0000021cb18cd9c0_0;  1 drivers
v0000021cb19300c0_0 .net "secs_ones_segs", 6 0, v0000021cb18cda60_0;  1 drivers
v0000021cb192fee0_0 .net "secs_tens_segs", 6 0, v0000021cb18cdd80_0;  1 drivers
v0000021cb1930020_0 .var "startn", 0 0;
v0000021cb1930160_0 .var "stopn", 0 0;
S_0000021cb18a5000 .scope module, "dut" "microwave" 2 14, 3 6 0, S_0000021cb18a4e70;
 .timescale -9 -9;
    .port_info 0 /INPUT 10 "keypad";
    .port_info 1 /INPUT 1 "clk";
    .port_info 2 /INPUT 1 "startn";
    .port_info 3 /INPUT 1 "stopn";
    .port_info 4 /INPUT 1 "clearn";
    .port_info 5 /INPUT 1 "door_closed";
    .port_info 6 /OUTPUT 7 "secs_ones_segs";
    .port_info 7 /OUTPUT 7 "secs_tens_segs";
    .port_info 8 /OUTPUT 7 "min_segs";
    .port_info 9 /OUTPUT 1 "mag_on";
L_0000021cb1a30088 .functor BUFT 1, C4<1>, C4<0>, C4<0>, C4<0>;
L_0000021cb18c10b0 .functor BUFZ 1, L_0000021cb1a30088, C4<0>, C4<0>, C4<0>;
v0000021cb1930340_0 .net "D", 3 0, v0000021cb192ea10_0;  1 drivers
v0000021cb192f9e0_0 .net "clearn", 0 0, v0000021cb192f8a0_0;  1 drivers
v0000021cb1930d40_0 .net "clk", 0 0, v0000021cb192f6c0_0;  1 drivers
v0000021cb19303e0_0 .net "door_closed", 0 0, v0000021cb192f080_0;  1 drivers
v0000021cb1930c00_0 .net "enablen", 0 0, L_0000021cb1a30088;  1 drivers
v0000021cb192f3a0_0 .net "keypad", 9 0, v0000021cb192f1c0_0;  1 drivers
v0000021cb192f440_0 .net "loadn", 0 0, L_0000021cb18c1a50;  1 drivers
v0000021cb192f4e0_0 .net8 "mag_on", 0 0, RS_0000021cb18d6398;  alias, 2 drivers
v0000021cb192fbc0_0 .net "min_segs", 6 0, v0000021cb18cd9c0_0;  alias, 1 drivers
v0000021cb192fc60_0 .net "mins", 3 0, v0000021cb18cc7a0_0;  1 drivers
v0000021cb192fd00_0 .net "pgt_1Hz", 0 0, v0000021cb192e3d0_0;  1 drivers
v0000021cb19308e0_0 .net "sec_ones", 3 0, v0000021cb18cbf80_0;  1 drivers
v0000021cb192f580_0 .net "sec_tens", 3 0, v0000021cb18cca20_0;  1 drivers
v0000021cb1930480_0 .net "secs_ones_segs", 6 0, v0000021cb18cda60_0;  alias, 1 drivers
v0000021cb192f120_0 .net "secs_tens_segs", 6 0, v0000021cb18cdd80_0;  alias, 1 drivers
v0000021cb192ff80_0 .net "startn", 0 0, v0000021cb1930020_0;  1 drivers
v0000021cb192fda0_0 .net "stopn", 0 0, v0000021cb1930160_0;  1 drivers
v0000021cb1930ca0_0 .net "zero", 0 0, L_0000021cb18c1970;  1 drivers
S_0000021cb18d4c70 .scope module, "inst" "decoder" 3 31, 4 1 0, S_0000021cb18a5000;
 .timescale -9 -9;
    .port_info 0 /INPUT 4 "min";
    .port_info 1 /INPUT 4 "dSec";
    .port_info 2 /INPUT 4 "sec";
    .port_info 3 /OUTPUT 7 "minOut";
    .port_info 4 /OUTPUT 7 "dsecOut";
    .port_info 5 /OUTPUT 7 "secOut";
v0000021cb18cdc40_0 .net "dSec", 3 0, v0000021cb18cca20_0;  alias, 1 drivers
v0000021cb18cdd80_0 .var "dsecOut", 6 0;
v0000021cb18cd740_0 .net "min", 3 0, v0000021cb18cc7a0_0;  alias, 1 drivers
v0000021cb18cd9c0_0 .var "minOut", 6 0;
v0000021cb18cd560_0 .net "sec", 3 0, v0000021cb18cbf80_0;  alias, 1 drivers
v0000021cb18cda60_0 .var "secOut", 6 0;
E_0000021cb18be8d0 .event anyedge, v0000021cb18cd560_0;
E_0000021cb18be190 .event anyedge, v0000021cb18cdc40_0;
E_0000021cb18be390 .event anyedge, v0000021cb18cd740_0;
S_0000021cb18aca00 .scope module, "inst3" "timer_nivel2" 3 25, 5 5 0, S_0000021cb18a5000;
 .timescale -9 -9;
    .port_info 0 /INPUT 4 "data";
    .port_info 1 /INPUT 1 "enable";
    .port_info 2 /INPUT 1 "clk";
    .port_info 3 /INPUT 1 "load";
    .port_info 4 /INPUT 1 "clearn";
    .port_info 5 /OUTPUT 1 "zero";
    .port_info 6 /OUTPUT 4 "so";
    .port_info 7 /OUTPUT 4 "st";
    .port_info 8 /OUTPUT 4 "min";
L_0000021cb18c1900 .functor AND 1, L_0000021cb1930520, L_0000021cb1930980, C4<1>, C4<1>;
L_0000021cb18c1970 .functor AND 1, L_0000021cb18c1900, L_0000021cb1930e80, C4<1>, C4<1>;
v0000021cb18ccf20_0 .net *"_ivl_0", 0 0, L_0000021cb18c1900;  1 drivers
v0000021cb18cd4c0_0 .net "clearn", 0 0, v0000021cb192f8a0_0;  alias, 1 drivers
v0000021cb18c7350_0 .net "clk", 0 0, v0000021cb192e3d0_0;  alias, 1 drivers
v0000021cb18c7710_0 .net "data", 3 0, v0000021cb192ea10_0;  alias, 1 drivers
v0000021cb192d430_0 .net "enable", 0 0, L_0000021cb1a30088;  alias, 1 drivers
v0000021cb192e830_0 .net "load", 0 0, L_0000021cb18c1a50;  alias, 1 drivers
v0000021cb192d110_0 .net "min", 3 0, v0000021cb18cc7a0_0;  alias, 1 drivers
v0000021cb192d250_0 .net "so", 3 0, v0000021cb18cbf80_0;  alias, 1 drivers
v0000021cb192d930_0 .net "st", 3 0, v0000021cb18cca20_0;  alias, 1 drivers
v0000021cb192d6b0_0 .net "t1", 0 0, L_0000021cb18c1190;  1 drivers
v0000021cb192d9d0_0 .net "t2", 0 0, L_0000021cb18c12e0;  1 drivers
v0000021cb192e650_0 .net "t3", 0 0, L_0000021cb18c1350;  1 drivers
v0000021cb192e330_0 .net "ze1", 0 0, L_0000021cb1930520;  1 drivers
v0000021cb192d390_0 .net "ze2", 0 0, L_0000021cb1930980;  1 drivers
v0000021cb192e1f0_0 .net "ze3", 0 0, L_0000021cb1930e80;  1 drivers
v0000021cb192d4d0_0 .net "zero", 0 0, L_0000021cb18c1970;  alias, 1 drivers
S_0000021cb18acb90 .scope module, "minutes" "contador_mod10" 5 16, 6 1 0, S_0000021cb18aca00;
 .timescale -3 -3;
    .port_info 0 /INPUT 4 "data";
    .port_info 1 /INPUT 1 "clk";
    .port_info 2 /INPUT 1 "load";
    .port_info 3 /INPUT 1 "en";
    .port_info 4 /INPUT 1 "clearn";
    .port_info 5 /OUTPUT 4 "count";
    .port_info 6 /OUTPUT 1 "tc";
    .port_info 7 /OUTPUT 1 "count_end";
L_0000021cb18c1350 .functor AND 1, L_0000021cb18c12e0, L_0000021cb1930e80, C4<1>, C4<1>;
L_0000021cb1a30280 .functor BUFT 1, C4<0000>, C4<0>, C4<0>, C4<0>;
v0000021cb18cc840_0 .net/2u *"_ivl_0", 3 0, L_0000021cb1a30280;  1 drivers
v0000021cb18ccb60_0 .net *"_ivl_2", 0 0, L_0000021cb1930de0;  1 drivers
L_0000021cb1a302c8 .functor BUFT 1, C4<1>, C4<0>, C4<0>, C4<0>;
v0000021cb18cd880_0 .net/2u *"_ivl_4", 0 0, L_0000021cb1a302c8;  1 drivers
L_0000021cb1a30310 .functor BUFT 1, C4<0>, C4<0>, C4<0>, C4<0>;
v0000021cb18cd7e0_0 .net/2u *"_ivl_6", 0 0, L_0000021cb1a30310;  1 drivers
v0000021cb18cd240_0 .net "clearn", 0 0, v0000021cb192f8a0_0;  alias, 1 drivers
v0000021cb18cc520_0 .net "clk", 0 0, v0000021cb192e3d0_0;  alias, 1 drivers
v0000021cb18cc7a0_0 .var "count", 3 0;
v0000021cb18ccd40_0 .net "count_end", 0 0, L_0000021cb1930e80;  alias, 1 drivers
v0000021cb18ccc00_0 .net "data", 3 0, v0000021cb18cca20_0;  alias, 1 drivers
v0000021cb18cc5c0_0 .net "en", 0 0, L_0000021cb18c12e0;  alias, 1 drivers
v0000021cb18cd920_0 .net "load", 0 0, L_0000021cb18c1a50;  alias, 1 drivers
v0000021cb18cdb00_0 .net "tc", 0 0, L_0000021cb18c1350;  alias, 1 drivers
E_0000021cb18bedd0 .event posedge, v0000021cb18cc520_0;
E_0000021cb18bc010 .event negedge, v0000021cb18cd240_0;
L_0000021cb1930de0 .cmp/eq 4, v0000021cb18cc7a0_0, L_0000021cb1a30280;
L_0000021cb1930e80 .functor MUXZ 1, L_0000021cb1a30310, L_0000021cb1a302c8, L_0000021cb1930de0, C4<>;
S_0000021cb1895a80 .scope module, "secs" "contador_mod10" 5 14, 6 1 0, S_0000021cb18aca00;
 .timescale -3 -3;
    .port_info 0 /INPUT 4 "data";
    .port_info 1 /INPUT 1 "clk";
    .port_info 2 /INPUT 1 "load";
    .port_info 3 /INPUT 1 "en";
    .port_info 4 /INPUT 1 "clearn";
    .port_info 5 /OUTPUT 4 "count";
    .port_info 6 /OUTPUT 1 "tc";
    .port_info 7 /OUTPUT 1 "count_end";
L_0000021cb18c1190 .functor AND 1, L_0000021cb1a30088, L_0000021cb1930520, C4<1>, C4<1>;
L_0000021cb1a300d0 .functor BUFT 1, C4<0000>, C4<0>, C4<0>, C4<0>;
v0000021cb18ccac0_0 .net/2u *"_ivl_0", 3 0, L_0000021cb1a300d0;  1 drivers
v0000021cb18ccfc0_0 .net *"_ivl_2", 0 0, L_0000021cb19302a0;  1 drivers
L_0000021cb1a30118 .functor BUFT 1, C4<1>, C4<0>, C4<0>, C4<0>;
v0000021cb18cdba0_0 .net/2u *"_ivl_4", 0 0, L_0000021cb1a30118;  1 drivers
L_0000021cb1a30160 .functor BUFT 1, C4<0>, C4<0>, C4<0>, C4<0>;
v0000021cb18cd060_0 .net/2u *"_ivl_6", 0 0, L_0000021cb1a30160;  1 drivers
v0000021cb18cc8e0_0 .net "clearn", 0 0, v0000021cb192f8a0_0;  alias, 1 drivers
v0000021cb18cd100_0 .net "clk", 0 0, v0000021cb192e3d0_0;  alias, 1 drivers
v0000021cb18cbf80_0 .var "count", 3 0;
v0000021cb18cc020_0 .net "count_end", 0 0, L_0000021cb1930520;  alias, 1 drivers
v0000021cb18cc0c0_0 .net "data", 3 0, v0000021cb192ea10_0;  alias, 1 drivers
v0000021cb18ccca0_0 .net "en", 0 0, L_0000021cb1a30088;  alias, 1 drivers
v0000021cb18cc160_0 .net "load", 0 0, L_0000021cb18c1a50;  alias, 1 drivers
v0000021cb18cc480_0 .net "tc", 0 0, L_0000021cb18c1190;  alias, 1 drivers
L_0000021cb19302a0 .cmp/eq 4, v0000021cb18cbf80_0, L_0000021cb1a300d0;
L_0000021cb1930520 .functor MUXZ 1, L_0000021cb1a30160, L_0000021cb1a30118, L_0000021cb19302a0, C4<>;
S_0000021cb1895c10 .scope module, "tens" "contador_mod_6" 5 15, 7 1 0, S_0000021cb18aca00;
 .timescale -3 -3;
    .port_info 0 /INPUT 4 "data";
    .port_info 1 /INPUT 1 "clk";
    .port_info 2 /INPUT 1 "loadn";
    .port_info 3 /INPUT 1 "en";
    .port_info 4 /INPUT 1 "clearn";
    .port_info 5 /OUTPUT 4 "tens";
    .port_info 6 /OUTPUT 1 "tc";
    .port_info 7 /OUTPUT 1 "zero";
L_0000021cb18c12e0 .functor AND 1, L_0000021cb18c1190, L_0000021cb1930980, C4<1>, C4<1>;
L_0000021cb1a301a8 .functor BUFT 1, C4<0000>, C4<0>, C4<0>, C4<0>;
v0000021cb18cc200_0 .net/2u *"_ivl_0", 3 0, L_0000021cb1a301a8;  1 drivers
v0000021cb18cc2a0_0 .net *"_ivl_2", 0 0, L_0000021cb19307a0;  1 drivers
L_0000021cb1a301f0 .functor BUFT 1, C4<1>, C4<0>, C4<0>, C4<0>;
v0000021cb18cc980_0 .net/2u *"_ivl_4", 0 0, L_0000021cb1a301f0;  1 drivers
L_0000021cb1a30238 .functor BUFT 1, C4<0>, C4<0>, C4<0>, C4<0>;
v0000021cb18cc340_0 .net/2u *"_ivl_6", 0 0, L_0000021cb1a30238;  1 drivers
v0000021cb18cd2e0_0 .net "clearn", 0 0, v0000021cb192f8a0_0;  alias, 1 drivers
v0000021cb18cc3e0_0 .net "clk", 0 0, v0000021cb192e3d0_0;  alias, 1 drivers
v0000021cb18ccde0_0 .net "data", 3 0, v0000021cb18cbf80_0;  alias, 1 drivers
v0000021cb18cd380_0 .net "en", 0 0, L_0000021cb18c1190;  alias, 1 drivers
v0000021cb18cce80_0 .net "loadn", 0 0, L_0000021cb18c1a50;  alias, 1 drivers
v0000021cb18cc660_0 .net "tc", 0 0, L_0000021cb18c12e0;  alias, 1 drivers
v0000021cb18cca20_0 .var "tens", 3 0;
v0000021cb18cc700_0 .net "zero", 0 0, L_0000021cb1930980;  alias, 1 drivers
L_0000021cb19307a0 .cmp/eq 4, v0000021cb18cca20_0, L_0000021cb1a301a8;
L_0000021cb1930980 .functor MUXZ 1, L_0000021cb1a30238, L_0000021cb1a301f0, L_0000021cb19307a0, C4<>;
S_0000021cb18b7740 .scope module, "inst4" "timer_controle" 3 22, 8 6 0, S_0000021cb18a5000;
 .timescale -3 -3;
    .port_info 0 /INPUT 10 "key";
    .port_info 1 /INPUT 1 "enablen";
    .port_info 2 /INPUT 1 "clk100";
    .port_info 3 /OUTPUT 4 "D";
    .port_info 4 /OUTPUT 1 "loadn";
    .port_info 5 /OUTPUT 1 "pgt_1Hz";
L_0000021cb18c1a50 .functor NOT 1, v0000021cb192e970_0, C4<0>, C4<0>, C4<0>;
v0000021cb192e0b0_0 .net "D", 3 0, v0000021cb192ea10_0;  alias, 1 drivers
v0000021cb192e790_0 .net "Q", 0 0, v0000021cb192db10_0;  1 drivers
v0000021cb192dbb0_0 .net "clk100", 0 0, v0000021cb192f6c0_0;  alias, 1 drivers
v0000021cb192de30_0 .net "clkf", 0 0, v0000021cb192eb50_0;  1 drivers
v0000021cb192ef10_0 .net "enablen", 0 0, L_0000021cb1a30088;  alias, 1 drivers
v0000021cb192e8d0_0 .net "key", 9 0, v0000021cb192f1c0_0;  alias, 1 drivers
v0000021cb192e970_0 .var "key_on", 0 0;
v0000021cb192ded0_0 .net "loadn", 0 0, L_0000021cb18c1a50;  alias, 1 drivers
v0000021cb192df70_0 .net "pgt_1Hz", 0 0, v0000021cb192e3d0_0;  alias, 1 drivers
S_0000021cb18b78d0 .scope module, "BL0" "codificador_prioritario" 8 25, 9 1 0, S_0000021cb18b7740;
 .timescale -3 -3;
    .port_info 0 /INPUT 10 "entrada";
    .port_info 1 /INPUT 1 "enablen";
    .port_info 2 /OUTPUT 4 "BCD";
v0000021cb192ea10_0 .var "BCD", 3 0;
v0000021cb192d1b0_0 .net "enablen", 0 0, L_0000021cb1a30088;  alias, 1 drivers
v0000021cb192d570_0 .net "entrada", 9 0, v0000021cb192f1c0_0;  alias, 1 drivers
E_0000021cb18bc650 .event anyedge, v0000021cb192d570_0;
S_0000021cb18a8f00 .scope module, "BL1" "divisor" 8 26, 10 1 0, S_0000021cb18b7740;
 .timescale -3 -3;
    .port_info 0 /INPUT 1 "clk";
    .port_info 1 /OUTPUT 1 "clkf";
v0000021cb192d750_0 .var "a", 5 0;
v0000021cb192d610_0 .net "clk", 0 0, v0000021cb192f6c0_0;  alias, 1 drivers
v0000021cb192eb50_0 .var "clkf", 0 0;
E_0000021cb18bc490 .event posedge, v0000021cb192d610_0;
S_0000021cb18a9090 .scope module, "BL2" "counter" 8 27, 11 1 0, S_0000021cb18b7740;
 .timescale -3 -3;
    .port_info 0 /INPUT 1 "clock";
    .port_info 1 /INPUT 1 "reset";
    .port_info 2 /OUTPUT 1 "Q";
v0000021cb192db10_0 .var "Q", 0 0;
v0000021cb192d070_0 .net "clock", 0 0, v0000021cb192f6c0_0;  alias, 1 drivers
v0000021cb192d2f0_0 .var "contador", 2 0;
v0000021cb192e010_0 .net "reset", 0 0, L_0000021cb18c1a50;  alias, 1 drivers
E_0000021cb18bc050 .event posedge, v0000021cb18cd920_0, v0000021cb192d610_0;
S_0000021cb18903e0 .scope module, "BL3" "mux" 8 28, 12 1 0, S_0000021cb18b7740;
 .timescale -3 -3;
    .port_info 0 /INPUT 1 "sel";
    .port_info 1 /INPUT 1 "saida_atraso";
    .port_info 2 /INPUT 1 "hz_clock";
    .port_info 3 /OUTPUT 1 "Q";
v0000021cb192e3d0_0 .var "Q", 0 0;
v0000021cb192d7f0_0 .net "hz_clock", 0 0, v0000021cb192eb50_0;  alias, 1 drivers
v0000021cb192eab0_0 .net "saida_atraso", 0 0, v0000021cb192db10_0;  alias, 1 drivers
v0000021cb192e6f0_0 .net "sel", 0 0, L_0000021cb1a30088;  alias, 1 drivers
E_0000021cb18bcd90 .event anyedge, v0000021cb18ccca0_0, v0000021cb192db10_0, v0000021cb192eb50_0;
S_0000021cb1890570 .scope module, "inst6" "nvl2_controle" 3 28, 13 4 0, S_0000021cb18a5000;
 .timescale -9 -9;
    .port_info 0 /INPUT 1 "startn";
    .port_info 1 /INPUT 1 "stopn";
    .port_info 2 /INPUT 1 "clearn";
    .port_info 3 /INPUT 1 "door_closed";
    .port_info 4 /INPUT 1 "timer_done";
    .port_info 5 /OUTPUT 1 "mag_on";
v0000021cb1930b60_0 .net "clearn", 0 0, v0000021cb192f8a0_0;  alias, 1 drivers
v0000021cb192f620_0 .net "door_closed", 0 0, v0000021cb192f080_0;  alias, 1 drivers
v0000021cb1930200_0 .net8 "mag_on", 0 0, RS_0000021cb18d6398;  alias, 2 drivers
v0000021cb192fb20_0 .net "reset", 0 0, L_0000021cb1a78150;  1 drivers
v0000021cb19305c0_0 .net "set", 0 0, L_0000021cb18c1b30;  1 drivers
v0000021cb1930660_0 .net "startn", 0 0, v0000021cb1930020_0;  alias, 1 drivers
v0000021cb192f940_0 .net "stopn", 0 0, v0000021cb1930160_0;  alias, 1 drivers
v0000021cb1930700_0 .net "timer_done", 0 0, L_0000021cb18c1970;  alias, 1 drivers
S_0000021cb18b04d0 .scope module, "AL0" "controle" 13 11, 14 1 0, S_0000021cb1890570;
 .timescale -9 -9;
    .port_info 0 /INPUT 1 "startn";
    .port_info 1 /INPUT 1 "stopn";
    .port_info 2 /INPUT 1 "clearn";
    .port_info 3 /INPUT 1 "door_closed";
    .port_info 4 /INPUT 1 "timer_done";
    .port_info 5 /OUTPUT 1 "set";
    .port_info 6 /OUTPUT 1 "reset";
L_0000021cb18c1890 .functor NOT 1, v0000021cb1930020_0, C4<0>, C4<0>, C4<0>;
L_0000021cb18c1430 .functor AND 1, L_0000021cb18c1890, v0000021cb192f080_0, C4<1>, C4<1>;
L_0000021cb18c14a0 .functor NOT 1, L_0000021cb18c1970, C4<0>, C4<0>, C4<0>;
L_0000021cb18c1b30 .functor AND 1, L_0000021cb18c1430, L_0000021cb18c14a0, C4<1>, C4<1>;
L_0000021cb18c1510 .functor NOT 1, v0000021cb192f080_0, C4<0>, C4<0>, C4<0>;
L_0000021cb18c1580 .functor NOT 1, v0000021cb192f8a0_0, C4<0>, C4<0>, C4<0>;
L_0000021cb1a781c0 .functor OR 1, L_0000021cb18c1510, L_0000021cb18c1580, C4<0>, C4<0>;
L_0000021cb1a78770 .functor NOT 1, v0000021cb1930160_0, C4<0>, C4<0>, C4<0>;
L_0000021cb1a782a0 .functor OR 1, L_0000021cb1a781c0, L_0000021cb1a78770, C4<0>, C4<0>;
L_0000021cb1a78150 .functor OR 1, L_0000021cb1a782a0, L_0000021cb18c1970, C4<0>, C4<0>;
v0000021cb192d890_0 .net *"_ivl_0", 0 0, L_0000021cb18c1890;  1 drivers
v0000021cb192ebf0_0 .net *"_ivl_10", 0 0, L_0000021cb18c1580;  1 drivers
v0000021cb192e290_0 .net *"_ivl_12", 0 0, L_0000021cb1a781c0;  1 drivers
v0000021cb192da70_0 .net *"_ivl_14", 0 0, L_0000021cb1a78770;  1 drivers
v0000021cb192dc50_0 .net *"_ivl_16", 0 0, L_0000021cb1a782a0;  1 drivers
v0000021cb192dcf0_0 .net *"_ivl_2", 0 0, L_0000021cb18c1430;  1 drivers
v0000021cb192e150_0 .net *"_ivl_4", 0 0, L_0000021cb18c14a0;  1 drivers
v0000021cb192e470_0 .net *"_ivl_8", 0 0, L_0000021cb18c1510;  1 drivers
v0000021cb192e510_0 .net "clearn", 0 0, v0000021cb192f8a0_0;  alias, 1 drivers
v0000021cb192dd90_0 .net "door_closed", 0 0, v0000021cb192f080_0;  alias, 1 drivers
v0000021cb192e5b0_0 .net "reset", 0 0, L_0000021cb1a78150;  alias, 1 drivers
v0000021cb192ec90_0 .net "set", 0 0, L_0000021cb18c1b30;  alias, 1 drivers
v0000021cb192ed30_0 .net "startn", 0 0, v0000021cb1930020_0;  alias, 1 drivers
v0000021cb192edd0_0 .net "stopn", 0 0, v0000021cb1930160_0;  alias, 1 drivers
v0000021cb192ee70_0 .net "timer_done", 0 0, L_0000021cb18c1970;  alias, 1 drivers
S_0000021cb18b0660 .scope module, "AL1" "latch_sr" 13 12, 15 1 0, S_0000021cb1890570;
 .timescale -9 -9;
    .port_info 0 /INPUT 1 "S";
    .port_info 1 /INPUT 1 "R";
    .port_info 2 /OUTPUT 1 "Q";
v0000021cb1930a20_0 .var "Q", 0 0;
v0000021cb192fa80_0 .net "R", 0 0, L_0000021cb1a78150;  alias, 1 drivers
v0000021cb1930ac0_0 .net "S", 0 0, L_0000021cb18c1b30;  alias, 1 drivers
E_0000021cb18bca50 .event anyedge, v0000021cb192ec90_0, v0000021cb192e5b0_0;
    .scope S_0000021cb18b78d0;
T_0 ;
    %wait E_0000021cb18bc650;
    %load/vec4 v0000021cb192d1b0_0;
    %cmpi/e 0, 0, 1;
    %jmp/0xz  T_0.0, 4;
    %load/vec4 v0000021cb192d570_0;
    %dup/vec4;
    %pushi/vec4 512, 0, 10;
    %cmp/u;
    %jmp/1 T_0.2, 6;
    %dup/vec4;
    %pushi/vec4 256, 0, 10;
    %cmp/u;
    %jmp/1 T_0.3, 6;
    %dup/vec4;
    %pushi/vec4 128, 0, 10;
    %cmp/u;
    %jmp/1 T_0.4, 6;
    %dup/vec4;
    %pushi/vec4 64, 0, 10;
    %cmp/u;
    %jmp/1 T_0.5, 6;
    %dup/vec4;
    %pushi/vec4 32, 0, 10;
    %cmp/u;
    %jmp/1 T_0.6, 6;
    %dup/vec4;
    %pushi/vec4 16, 0, 10;
    %cmp/u;
    %jmp/1 T_0.7, 6;
    %dup/vec4;
    %pushi/vec4 8, 0, 10;
    %cmp/u;
    %jmp/1 T_0.8, 6;
    %dup/vec4;
    %pushi/vec4 4, 0, 10;
    %cmp/u;
    %jmp/1 T_0.9, 6;
    %dup/vec4;
    %pushi/vec4 1, 0, 10;
    %cmp/u;
    %jmp/1 T_0.10, 6;
    %jmp T_0.11;
T_0.2 ;
    %pushi/vec4 9, 0, 4;
    %store/vec4 v0000021cb192ea10_0, 0, 4;
    %jmp T_0.11;
T_0.3 ;
    %pushi/vec4 8, 0, 4;
    %store/vec4 v0000021cb192ea10_0, 0, 4;
    %jmp T_0.11;
T_0.4 ;
    %pushi/vec4 7, 0, 4;
    %store/vec4 v0000021cb192ea10_0, 0, 4;
    %jmp T_0.11;
T_0.5 ;
    %pushi/vec4 6, 0, 4;
    %store/vec4 v0000021cb192ea10_0, 0, 4;
    %jmp T_0.11;
T_0.6 ;
    %pushi/vec4 5, 0, 4;
    %store/vec4 v0000021cb192ea10_0, 0, 4;
    %jmp T_0.11;
T_0.7 ;
    %pushi/vec4 4, 0, 4;
    %store/vec4 v0000021cb192ea10_0, 0, 4;
    %jmp T_0.11;
T_0.8 ;
    %pushi/vec4 3, 0, 4;
    %store/vec4 v0000021cb192ea10_0, 0, 4;
    %jmp T_0.11;
T_0.9 ;
    %pushi/vec4 2, 0, 4;
    %store/vec4 v0000021cb192ea10_0, 0, 4;
    %jmp T_0.11;
T_0.10 ;
    %pushi/vec4 1, 0, 4;
    %store/vec4 v0000021cb192ea10_0, 0, 4;
    %jmp T_0.11;
T_0.11 ;
    %pop/vec4 1;
T_0.0 ;
    %jmp T_0;
    .thread T_0, $push;
    .scope S_0000021cb18a8f00;
T_1 ;
    %pushi/vec4 0, 0, 6;
    %store/vec4 v0000021cb192d750_0, 0, 6;
    %end;
    .thread T_1;
    .scope S_0000021cb18a8f00;
T_2 ;
    %pushi/vec4 0, 0, 1;
    %store/vec4 v0000021cb192eb50_0, 0, 1;
    %end;
    .thread T_2;
    .scope S_0000021cb18a8f00;
T_3 ;
    %wait E_0000021cb18bc490;
    %load/vec4 v0000021cb192d750_0;
    %addi 1, 0, 6;
    %store/vec4 v0000021cb192d750_0, 0, 6;
    %load/vec4 v0000021cb192d750_0;
    %pad/u 32;
    %cmpi/u 50, 0, 32;
    %flag_inv 5; GE is !LT
    %jmp/0xz  T_3.0, 5;
    %pushi/vec4 0, 0, 6;
    %store/vec4 v0000021cb192d750_0, 0, 6;
    %load/vec4 v0000021cb192eb50_0;
    %inv;
    %store/vec4 v0000021cb192eb50_0, 0, 1;
T_3.0 ;
    %jmp T_3;
    .thread T_3;
    .scope S_0000021cb18a9090;
T_4 ;
    %wait E_0000021cb18bc050;
    %load/vec4 v0000021cb192e010_0;
    %flag_set/vec4 8;
    %jmp/0xz  T_4.0, 8;
    %pushi/vec4 0, 0, 3;
    %store/vec4 v0000021cb192d2f0_0, 0, 3;
    %pushi/vec4 0, 0, 1;
    %store/vec4 v0000021cb192db10_0, 0, 1;
    %jmp T_4.1;
T_4.0 ;
    %load/vec4 v0000021cb192d2f0_0;
    %cmpi/e 3, 0, 3;
    %jmp/0xz  T_4.2, 4;
    %pushi/vec4 1, 0, 1;
    %store/vec4 v0000021cb192db10_0, 0, 1;
    %load/vec4 v0000021cb192d2f0_0;
    %addi 1, 0, 3;
    %store/vec4 v0000021cb192d2f0_0, 0, 3;
    %jmp T_4.3;
T_4.2 ;
    %load/vec4 v0000021cb192d2f0_0;
    %cmpi/u 7, 0, 3;
    %jmp/0xz  T_4.4, 5;
    %load/vec4 v0000021cb192d2f0_0;
    %addi 1, 0, 3;
    %store/vec4 v0000021cb192d2f0_0, 0, 3;
T_4.4 ;
T_4.3 ;
T_4.1 ;
    %jmp T_4;
    .thread T_4;
    .scope S_0000021cb18903e0;
T_5 ;
    %wait E_0000021cb18bcd90;
    %load/vec4 v0000021cb192e6f0_0;
    %pad/u 32;
    %cmpi/e 0, 0, 32;
    %jmp/0xz  T_5.0, 4;
    %load/vec4 v0000021cb192eab0_0;
    %store/vec4 v0000021cb192e3d0_0, 0, 1;
    %jmp T_5.1;
T_5.0 ;
    %load/vec4 v0000021cb192d7f0_0;
    %store/vec4 v0000021cb192e3d0_0, 0, 1;
T_5.1 ;
    %jmp T_5;
    .thread T_5, $push;
    .scope S_0000021cb18b7740;
T_6 ;
    %pushi/vec4 0, 0, 1;
    %store/vec4 v0000021cb192e970_0, 0, 1;
    %end;
    .thread T_6;
    .scope S_0000021cb18b7740;
T_7 ;
    %wait E_0000021cb18bc650;
    %load/vec4 v0000021cb192e8d0_0;
    %cmpi/e 0, 0, 10;
    %jmp/0xz  T_7.0, 4;
    %pushi/vec4 0, 0, 1;
    %store/vec4 v0000021cb192e970_0, 0, 1;
    %jmp T_7.1;
T_7.0 ;
    %pushi/vec4 1, 0, 1;
    %store/vec4 v0000021cb192e970_0, 0, 1;
T_7.1 ;
    %jmp T_7;
    .thread T_7, $push;
    .scope S_0000021cb1895a80;
T_8 ;
    %wait E_0000021cb18bc010;
    %pushi/vec4 0, 0, 4;
    %store/vec4 v0000021cb18cbf80_0, 0, 4;
    %jmp T_8;
    .thread T_8;
    .scope S_0000021cb1895a80;
T_9 ;
    %wait E_0000021cb18bedd0;
    %load/vec4 v0000021cb18ccca0_0;
    %flag_set/vec4 8;
    %jmp/0xz  T_9.0, 8;
    %load/vec4 v0000021cb18cbf80_0;
    %dup/vec4;
    %pushi/vec4 9, 0, 4;
    %cmp/u;
    %jmp/1 T_9.2, 6;
    %dup/vec4;
    %pushi/vec4 1, 0, 4;
    %cmp/u;
    %jmp/1 T_9.3, 6;
    %dup/vec4;
    %pushi/vec4 0, 0, 4;
    %cmp/u;
    %jmp/1 T_9.4, 6;
    %load/vec4 v0000021cb18cbf80_0;
    %subi 1, 0, 4;
    %assign/vec4 v0000021cb18cbf80_0, 0;
    %jmp T_9.6;
T_9.2 ;
    %pushi/vec4 8, 0, 4;
    %assign/vec4 v0000021cb18cbf80_0, 0;
    %jmp T_9.6;
T_9.3 ;
    %pushi/vec4 0, 0, 4;
    %assign/vec4 v0000021cb18cbf80_0, 0;
    %jmp T_9.6;
T_9.4 ;
    %pushi/vec4 9, 0, 4;
    %assign/vec4 v0000021cb18cbf80_0, 0;
    %jmp T_9.6;
T_9.6 ;
    %pop/vec4 1;
    %jmp T_9.1;
T_9.0 ;
    %load/vec4 v0000021cb18cc160_0;
    %nor/r;
    %flag_set/vec4 8;
    %jmp/0xz  T_9.7, 8;
    %load/vec4 v0000021cb18cc0c0_0;
    %assign/vec4 v0000021cb18cbf80_0, 0;
T_9.7 ;
T_9.1 ;
    %jmp T_9;
    .thread T_9;
    .scope S_0000021cb1895c10;
T_10 ;
    %wait E_0000021cb18bc010;
    %pushi/vec4 0, 0, 4;
    %store/vec4 v0000021cb18cca20_0, 0, 4;
    %jmp T_10;
    .thread T_10;
    .scope S_0000021cb1895c10;
T_11 ;
    %wait E_0000021cb18bedd0;
    %load/vec4 v0000021cb18cd380_0;
    %flag_set/vec4 8;
    %jmp/0xz  T_11.0, 8;
    %load/vec4 v0000021cb18cca20_0;
    %dup/vec4;
    %pushi/vec4 5, 0, 4;
    %cmp/u;
    %jmp/1 T_11.2, 6;
    %dup/vec4;
    %pushi/vec4 1, 0, 4;
    %cmp/u;
    %jmp/1 T_11.3, 6;
    %dup/vec4;
    %pushi/vec4 0, 0, 4;
    %cmp/u;
    %jmp/1 T_11.4, 6;
    %load/vec4 v0000021cb18cca20_0;
    %subi 1, 0, 4;
    %assign/vec4 v0000021cb18cca20_0, 0;
    %jmp T_11.6;
T_11.2 ;
    %pushi/vec4 4, 0, 4;
    %assign/vec4 v0000021cb18cca20_0, 0;
    %jmp T_11.6;
T_11.3 ;
    %pushi/vec4 0, 0, 4;
    %assign/vec4 v0000021cb18cca20_0, 0;
    %jmp T_11.6;
T_11.4 ;
    %pushi/vec4 5, 0, 4;
    %assign/vec4 v0000021cb18cca20_0, 0;
    %jmp T_11.6;
T_11.6 ;
    %pop/vec4 1;
    %jmp T_11.1;
T_11.0 ;
    %load/vec4 v0000021cb18cce80_0;
    %nor/r;
    %flag_set/vec4 8;
    %jmp/0xz  T_11.7, 8;
    %load/vec4 v0000021cb18ccde0_0;
    %assign/vec4 v0000021cb18cca20_0, 0;
T_11.7 ;
T_11.1 ;
    %jmp T_11;
    .thread T_11;
    .scope S_0000021cb18acb90;
T_12 ;
    %wait E_0000021cb18bc010;
    %pushi/vec4 0, 0, 4;
    %store/vec4 v0000021cb18cc7a0_0, 0, 4;
    %jmp T_12;
    .thread T_12;
    .scope S_0000021cb18acb90;
T_13 ;
    %wait E_0000021cb18bedd0;
    %load/vec4 v0000021cb18cc5c0_0;
    %flag_set/vec4 8;
    %jmp/0xz  T_13.0, 8;
    %load/vec4 v0000021cb18cc7a0_0;
    %dup/vec4;
    %pushi/vec4 9, 0, 4;
    %cmp/u;
    %jmp/1 T_13.2, 6;
    %dup/vec4;
    %pushi/vec4 1, 0, 4;
    %cmp/u;
    %jmp/1 T_13.3, 6;
    %dup/vec4;
    %pushi/vec4 0, 0, 4;
    %cmp/u;
    %jmp/1 T_13.4, 6;
    %load/vec4 v0000021cb18cc7a0_0;
    %subi 1, 0, 4;
    %assign/vec4 v0000021cb18cc7a0_0, 0;
    %jmp T_13.6;
T_13.2 ;
    %pushi/vec4 8, 0, 4;
    %assign/vec4 v0000021cb18cc7a0_0, 0;
    %jmp T_13.6;
T_13.3 ;
    %pushi/vec4 0, 0, 4;
    %assign/vec4 v0000021cb18cc7a0_0, 0;
    %jmp T_13.6;
T_13.4 ;
    %pushi/vec4 9, 0, 4;
    %assign/vec4 v0000021cb18cc7a0_0, 0;
    %jmp T_13.6;
T_13.6 ;
    %pop/vec4 1;
    %jmp T_13.1;
T_13.0 ;
    %load/vec4 v0000021cb18cd920_0;
    %nor/r;
    %flag_set/vec4 8;
    %jmp/0xz  T_13.7, 8;
    %load/vec4 v0000021cb18ccc00_0;
    %assign/vec4 v0000021cb18cc7a0_0, 0;
T_13.7 ;
T_13.1 ;
    %jmp T_13;
    .thread T_13;
    .scope S_0000021cb18b0660;
T_14 ;
    %wait E_0000021cb18bca50;
    %load/vec4 v0000021cb1930ac0_0;
    %flag_set/vec4 9;
    %flag_get/vec4 9;
    %jmp/0 T_14.2, 9;
    %load/vec4 v0000021cb192fa80_0;
    %nor/r;
    %and;
T_14.2;
    %flag_set/vec4 8;
    %jmp/0xz  T_14.0, 8;
    %pushi/vec4 1, 0, 1;
    %assign/vec4 v0000021cb1930a20_0, 0;
    %jmp T_14.1;
T_14.0 ;
    %load/vec4 v0000021cb192fa80_0;
    %flag_set/vec4 9;
    %flag_get/vec4 9;
    %jmp/0 T_14.5, 9;
    %load/vec4 v0000021cb1930ac0_0;
    %nor/r;
    %and;
T_14.5;
    %flag_set/vec4 8;
    %jmp/0xz  T_14.3, 8;
    %pushi/vec4 0, 0, 1;
    %assign/vec4 v0000021cb1930a20_0, 0;
T_14.3 ;
T_14.1 ;
    %jmp T_14;
    .thread T_14, $push;
    .scope S_0000021cb18d4c70;
T_15 ;
    %wait E_0000021cb18be390;
    %load/vec4 v0000021cb18cd740_0;
    %dup/vec4;
    %pushi/vec4 0, 0, 4;
    %cmp/u;
    %jmp/1 T_15.0, 6;
    %dup/vec4;
    %pushi/vec4 1, 0, 4;
    %cmp/u;
    %jmp/1 T_15.1, 6;
    %dup/vec4;
    %pushi/vec4 2, 0, 4;
    %cmp/u;
    %jmp/1 T_15.2, 6;
    %dup/vec4;
    %pushi/vec4 3, 0, 4;
    %cmp/u;
    %jmp/1 T_15.3, 6;
    %dup/vec4;
    %pushi/vec4 4, 0, 4;
    %cmp/u;
    %jmp/1 T_15.4, 6;
    %dup/vec4;
    %pushi/vec4 5, 0, 4;
    %cmp/u;
    %jmp/1 T_15.5, 6;
    %dup/vec4;
    %pushi/vec4 6, 0, 4;
    %cmp/u;
    %jmp/1 T_15.6, 6;
    %dup/vec4;
    %pushi/vec4 7, 0, 4;
    %cmp/u;
    %jmp/1 T_15.7, 6;
    %dup/vec4;
    %pushi/vec4 8, 0, 4;
    %cmp/u;
    %jmp/1 T_15.8, 6;
    %dup/vec4;
    %pushi/vec4 9, 0, 4;
    %cmp/u;
    %jmp/1 T_15.9, 6;
    %jmp T_15.10;
T_15.0 ;
    %pushi/vec4 1, 0, 7;
    %store/vec4 v0000021cb18cd9c0_0, 0, 7;
    %jmp T_15.10;
T_15.1 ;
    %pushi/vec4 79, 0, 7;
    %store/vec4 v0000021cb18cd9c0_0, 0, 7;
    %jmp T_15.10;
T_15.2 ;
    %pushi/vec4 18, 0, 7;
    %store/vec4 v0000021cb18cd9c0_0, 0, 7;
    %jmp T_15.10;
T_15.3 ;
    %pushi/vec4 6, 0, 7;
    %store/vec4 v0000021cb18cd9c0_0, 0, 7;
    %jmp T_15.10;
T_15.4 ;
    %pushi/vec4 76, 0, 7;
    %store/vec4 v0000021cb18cd9c0_0, 0, 7;
    %jmp T_15.10;
T_15.5 ;
    %pushi/vec4 36, 0, 7;
    %store/vec4 v0000021cb18cd9c0_0, 0, 7;
    %jmp T_15.10;
T_15.6 ;
    %pushi/vec4 32, 0, 7;
    %store/vec4 v0000021cb18cd9c0_0, 0, 7;
    %jmp T_15.10;
T_15.7 ;
    %pushi/vec4 13, 0, 7;
    %store/vec4 v0000021cb18cd9c0_0, 0, 7;
    %jmp T_15.10;
T_15.8 ;
    %pushi/vec4 0, 0, 7;
    %store/vec4 v0000021cb18cd9c0_0, 0, 7;
    %jmp T_15.10;
T_15.9 ;
    %pushi/vec4 4, 0, 7;
    %store/vec4 v0000021cb18cd9c0_0, 0, 7;
    %jmp T_15.10;
T_15.10 ;
    %pop/vec4 1;
    %jmp T_15;
    .thread T_15, $push;
    .scope S_0000021cb18d4c70;
T_16 ;
    %wait E_0000021cb18be190;
    %load/vec4 v0000021cb18cdc40_0;
    %dup/vec4;
    %pushi/vec4 0, 0, 4;
    %cmp/u;
    %jmp/1 T_16.0, 6;
    %dup/vec4;
    %pushi/vec4 1, 0, 4;
    %cmp/u;
    %jmp/1 T_16.1, 6;
    %dup/vec4;
    %pushi/vec4 2, 0, 4;
    %cmp/u;
    %jmp/1 T_16.2, 6;
    %dup/vec4;
    %pushi/vec4 3, 0, 4;
    %cmp/u;
    %jmp/1 T_16.3, 6;
    %dup/vec4;
    %pushi/vec4 4, 0, 4;
    %cmp/u;
    %jmp/1 T_16.4, 6;
    %dup/vec4;
    %pushi/vec4 5, 0, 4;
    %cmp/u;
    %jmp/1 T_16.5, 6;
    %dup/vec4;
    %pushi/vec4 6, 0, 4;
    %cmp/u;
    %jmp/1 T_16.6, 6;
    %dup/vec4;
    %pushi/vec4 7, 0, 4;
    %cmp/u;
    %jmp/1 T_16.7, 6;
    %dup/vec4;
    %pushi/vec4 8, 0, 4;
    %cmp/u;
    %jmp/1 T_16.8, 6;
    %dup/vec4;
    %pushi/vec4 9, 0, 4;
    %cmp/u;
    %jmp/1 T_16.9, 6;
    %jmp T_16.10;
T_16.0 ;
    %pushi/vec4 1, 0, 7;
    %store/vec4 v0000021cb18cdd80_0, 0, 7;
    %jmp T_16.10;
T_16.1 ;
    %pushi/vec4 79, 0, 7;
    %store/vec4 v0000021cb18cdd80_0, 0, 7;
    %jmp T_16.10;
T_16.2 ;
    %pushi/vec4 18, 0, 7;
    %store/vec4 v0000021cb18cdd80_0, 0, 7;
    %jmp T_16.10;
T_16.3 ;
    %pushi/vec4 6, 0, 7;
    %store/vec4 v0000021cb18cdd80_0, 0, 7;
    %jmp T_16.10;
T_16.4 ;
    %pushi/vec4 76, 0, 7;
    %store/vec4 v0000021cb18cdd80_0, 0, 7;
    %jmp T_16.10;
T_16.5 ;
    %pushi/vec4 36, 0, 7;
    %store/vec4 v0000021cb18cdd80_0, 0, 7;
    %jmp T_16.10;
T_16.6 ;
    %pushi/vec4 32, 0, 7;
    %store/vec4 v0000021cb18cdd80_0, 0, 7;
    %jmp T_16.10;
T_16.7 ;
    %pushi/vec4 13, 0, 7;
    %store/vec4 v0000021cb18cdd80_0, 0, 7;
    %jmp T_16.10;
T_16.8 ;
    %pushi/vec4 0, 0, 7;
    %store/vec4 v0000021cb18cdd80_0, 0, 7;
    %jmp T_16.10;
T_16.9 ;
    %pushi/vec4 4, 0, 7;
    %store/vec4 v0000021cb18cdd80_0, 0, 7;
    %jmp T_16.10;
T_16.10 ;
    %pop/vec4 1;
    %jmp T_16;
    .thread T_16, $push;
    .scope S_0000021cb18d4c70;
T_17 ;
    %wait E_0000021cb18be8d0;
    %load/vec4 v0000021cb18cd560_0;
    %dup/vec4;
    %pushi/vec4 0, 0, 4;
    %cmp/u;
    %jmp/1 T_17.0, 6;
    %dup/vec4;
    %pushi/vec4 1, 0, 4;
    %cmp/u;
    %jmp/1 T_17.1, 6;
    %dup/vec4;
    %pushi/vec4 2, 0, 4;
    %cmp/u;
    %jmp/1 T_17.2, 6;
    %dup/vec4;
    %pushi/vec4 3, 0, 4;
    %cmp/u;
    %jmp/1 T_17.3, 6;
    %dup/vec4;
    %pushi/vec4 4, 0, 4;
    %cmp/u;
    %jmp/1 T_17.4, 6;
    %dup/vec4;
    %pushi/vec4 5, 0, 4;
    %cmp/u;
    %jmp/1 T_17.5, 6;
    %dup/vec4;
    %pushi/vec4 6, 0, 4;
    %cmp/u;
    %jmp/1 T_17.6, 6;
    %dup/vec4;
    %pushi/vec4 7, 0, 4;
    %cmp/u;
    %jmp/1 T_17.7, 6;
    %dup/vec4;
    %pushi/vec4 8, 0, 4;
    %cmp/u;
    %jmp/1 T_17.8, 6;
    %dup/vec4;
    %pushi/vec4 9, 0, 4;
    %cmp/u;
    %jmp/1 T_17.9, 6;
    %jmp T_17.10;
T_17.0 ;
    %pushi/vec4 1, 0, 7;
    %store/vec4 v0000021cb18cda60_0, 0, 7;
    %jmp T_17.10;
T_17.1 ;
    %pushi/vec4 79, 0, 7;
    %store/vec4 v0000021cb18cda60_0, 0, 7;
    %jmp T_17.10;
T_17.2 ;
    %pushi/vec4 18, 0, 7;
    %store/vec4 v0000021cb18cda60_0, 0, 7;
    %jmp T_17.10;
T_17.3 ;
    %pushi/vec4 6, 0, 7;
    %store/vec4 v0000021cb18cda60_0, 0, 7;
    %jmp T_17.10;
T_17.4 ;
    %pushi/vec4 76, 0, 7;
    %store/vec4 v0000021cb18cda60_0, 0, 7;
    %jmp T_17.10;
T_17.5 ;
    %pushi/vec4 36, 0, 7;
    %store/vec4 v0000021cb18cda60_0, 0, 7;
    %jmp T_17.10;
T_17.6 ;
    %pushi/vec4 32, 0, 7;
    %store/vec4 v0000021cb18cda60_0, 0, 7;
    %jmp T_17.10;
T_17.7 ;
    %pushi/vec4 13, 0, 7;
    %store/vec4 v0000021cb18cda60_0, 0, 7;
    %jmp T_17.10;
T_17.8 ;
    %pushi/vec4 0, 0, 7;
    %store/vec4 v0000021cb18cda60_0, 0, 7;
    %jmp T_17.10;
T_17.9 ;
    %pushi/vec4 4, 0, 7;
    %store/vec4 v0000021cb18cda60_0, 0, 7;
    %jmp T_17.10;
T_17.10 ;
    %pop/vec4 1;
    %jmp T_17;
    .thread T_17, $push;
    .scope S_0000021cb18a4e70;
T_18 ;
    %pushi/vec4 0, 0, 1;
    %store/vec4 v0000021cb192f6c0_0, 0, 1;
    %end;
    .thread T_18;
    .scope S_0000021cb18a4e70;
T_19 ;
    %delay 5000000, 0;
    %load/vec4 v0000021cb192f6c0_0;
    %inv;
    %store/vec4 v0000021cb192f6c0_0, 0, 1;
    %jmp T_19;
    .thread T_19;
    .scope S_0000021cb18a4e70;
T_20 ;
    %vpi_call 2 21 "$dumpfile", "nivel1.vcd" {0 0 0};
    %vpi_call 2 22 "$dumpvars", 32'sb00000000000000000000000000000000, S_0000021cb18a4e70 {0 0 0};
    %end;
    .thread T_20;
    .scope S_0000021cb18a4e70;
T_21 ;
    %pushi/vec4 0, 0, 10;
    %store/vec4 v0000021cb192f1c0_0, 0, 10;
    %pushi/vec4 0, 0, 1;
    %store/vec4 v0000021cb192f080_0, 0, 1;
    %pushi/vec4 1, 0, 1;
    %store/vec4 v0000021cb1930160_0, 0, 1;
    %pushi/vec4 1, 0, 1;
    %store/vec4 v0000021cb1930020_0, 0, 1;
    %pushi/vec4 1, 0, 1;
    %store/vec4 v0000021cb192f8a0_0, 0, 1;
    %delay 1000000, 0;
    %pushi/vec4 0, 0, 1;
    %store/vec4 v0000021cb192f8a0_0, 0, 1;
    %delay 1000000, 0;
    %pushi/vec4 1, 0, 1;
    %store/vec4 v0000021cb192f8a0_0, 0, 1;
    %delay 1100000000, 0;
    %pushi/vec4 4, 0, 10;
    %store/vec4 v0000021cb192f1c0_0, 0, 10;
    %delay 1100000000, 0;
    %pushi/vec4 0, 0, 10;
    %store/vec4 v0000021cb192f1c0_0, 0, 10;
    %delay 1100000000, 0;
    %pushi/vec4 32, 0, 10;
    %store/vec4 v0000021cb192f1c0_0, 0, 10;
    %delay 1100000000, 0;
    %pushi/vec4 0, 0, 10;
    %store/vec4 v0000021cb192f1c0_0, 0, 10;
    %delay 1100000000, 0;
    %pushi/vec4 512, 0, 10;
    %store/vec4 v0000021cb192f1c0_0, 0, 10;
    %delay 1100000000, 0;
    %pushi/vec4 0, 0, 10;
    %store/vec4 v0000021cb192f1c0_0, 0, 10;
    %delay 1100000000, 0;
    %pushi/vec4 512, 0, 10;
    %store/vec4 v0000021cb192f1c0_0, 0, 10;
    %delay 1100000000, 0;
    %pushi/vec4 0, 0, 10;
    %store/vec4 v0000021cb192f1c0_0, 0, 10;
    %delay 1100000000, 0;
    %pushi/vec4 512, 0, 10;
    %store/vec4 v0000021cb192f1c0_0, 0, 10;
    %delay 1100000000, 0;
    %pushi/vec4 0, 0, 10;
    %store/vec4 v0000021cb192f1c0_0, 0, 10;
    %delay 1100000000, 0;
    %pushi/vec4 0, 0, 1;
    %store/vec4 v0000021cb1930020_0, 0, 1;
    %delay 1100000000, 0;
    %pushi/vec4 1, 0, 1;
    %store/vec4 v0000021cb1930020_0, 0, 1;
    %delay 1100000000, 0;
    %pushi/vec4 1, 0, 1;
    %store/vec4 v0000021cb192f080_0, 0, 1;
    %delay 1000000000, 0;
    %pushi/vec4 0, 0, 1;
    %store/vec4 v0000021cb1930020_0, 0, 1;
    %delay 1000000000, 0;
    %pushi/vec4 1, 0, 1;
    %store/vec4 v0000021cb1930020_0, 0, 1;
    %delay 2000000000, 0;
    %pushi/vec4 0, 0, 1;
    %store/vec4 v0000021cb1930160_0, 0, 1;
    %delay 1000000000, 0;
    %pushi/vec4 1, 0, 1;
    %store/vec4 v0000021cb1930160_0, 0, 1;
    %delay 1000000000, 0;
    %pushi/vec4 0, 0, 1;
    %store/vec4 v0000021cb1930020_0, 0, 1;
    %delay 1000000000, 0;
    %pushi/vec4 1, 0, 1;
    %store/vec4 v0000021cb1930020_0, 0, 1;
    %delay 2000000000, 0;
    %pushi/vec4 0, 0, 1;
    %store/vec4 v0000021cb192f080_0, 0, 1;
    %delay 1000000000, 0;
    %pushi/vec4 1, 0, 1;
    %store/vec4 v0000021cb192f080_0, 0, 1;
    %delay 2112827392, 698;
    %vpi_call 2 93 "$finish" {0 0 0};
    %end;
    .thread T_21;
# The file index is used to find the file name in the following table.
:file_names 16;
    "N/A";
    "<interactive>";
    "forno_micro_ondas.tb.v";
    "forno_micro_ondas.v";
    "././nivel_2/decoder/decoder_7seg.v";
    "././nivel_2/minutos_segundos/timer.v";
    "././nivel_2/minutos_segundos/nivel3/contador_mod10/contador_mod10.v";
    "././nivel_2/minutos_segundos/nivel3/contador_mod6/contador_mod6.v";
    "././nivel_2/timer_e_controle/entrada_timer.v";
    "././nivel_2/timer_e_controle/nivel3/codificador/codificador_prioritario.v";
    "././nivel_2/timer_e_controle/nivel3/contador_freq/div_frequencia.v";
    "././nivel_2/timer_e_controle/nivel3/contador_nao_reciclado/contador_nao_reciclavel.v";
    "././nivel_2/timer_e_controle/nivel3/mux/mux.v";
    "././nivel_2/controle_magnetron/nivel2_magnetron.v";
    "././nivel_2/controle_magnetron/nivel_3/bloco_logico/bloco_logico.v";
    "././nivel_2/controle_magnetron/nivel_3/latch/latch.v";
