#! /c/Source/iverilog-install/bin/vvp
:ivl_version "12.0 (devel)" "(s20150603-1539-g2693dd32b)";
:ivl_delay_selection "TYPICAL";
:vpi_time_precision - 12;
:vpi_module "C:\iverilog\lib\ivl\system.vpi";
:vpi_module "C:\iverilog\lib\ivl\vhdl_sys.vpi";
:vpi_module "C:\iverilog\lib\ivl\vhdl_textio.vpi";
:vpi_module "C:\iverilog\lib\ivl\v2005_math.vpi";
:vpi_module "C:\iverilog\lib\ivl\va_math.vpi";
S_00000245b1a4d7e0 .scope module, "test_timernvl2" "test_timernvl2" 2 3;
 .timescale -9 -12;
v00000245b1ab7cf0_0 .net "D", 3 0, v00000245b1a4ce20_0;  1 drivers
v00000245b1ab8470_0 .var "clk100", 0 0;
v00000245b1ab79d0_0 .var "enablen", 0 0;
v00000245b1ab7ed0_0 .var "key", 9 0;
v00000245b1ab8790_0 .net "loadn", 0 0, L_00000245b1a62960;  1 drivers
v00000245b1ab7e30_0 .net "pgt_1Hz", 0 0, v00000245b1ab8150_0;  1 drivers
S_00000245b1a60ed0 .scope module, "dut" "timer_controle" 2 12, 3 6 0, S_00000245b1a4d7e0;
 .timescale -9 -12;
    .port_info 0 /INPUT 10 "key";
    .port_info 1 /INPUT 1 "enablen";
    .port_info 2 /INPUT 1 "clk100";
    .port_info 3 /OUTPUT 4 "D";
    .port_info 4 /OUTPUT 1 "loadn";
    .port_info 5 /OUTPUT 1 "pgt_1Hz";
L_00000245b1a62960 .functor NOT 1, v00000245b1ab81f0_0, C4<0>, C4<0>, C4<0>;
v00000245b1ab7d90_0 .net "D", 3 0, v00000245b1a4ce20_0;  alias, 1 drivers
v00000245b1ab7bb0_0 .net "Q", 0 0, v00000245b1a5afb0_0;  1 drivers
v00000245b1ab7a70_0 .net "clk100", 0 0, v00000245b1ab8470_0;  1 drivers
v00000245b1ab85b0_0 .net "clkf", 0 0, v00000245b1a5ad80_0;  1 drivers
v00000245b1ab7c50_0 .net "enablen", 0 0, v00000245b1ab79d0_0;  1 drivers
v00000245b1ab8650_0 .net "key", 9 0, v00000245b1ab7ed0_0;  1 drivers
v00000245b1ab81f0_0 .var "key_on", 0 0;
v00000245b1ab8290_0 .net "loadn", 0 0, L_00000245b1a62960;  alias, 1 drivers
v00000245b1ab8330_0 .net "pgt_1Hz", 0 0, v00000245b1ab8150_0;  alias, 1 drivers
S_00000245b1a61060 .scope module, "BL0" "codificador_prioritario" 3 25, 4 1 0, S_00000245b1a60ed0;
 .timescale -9 -12;
    .port_info 0 /INPUT 10 "entrada";
    .port_info 1 /INPUT 1 "enablen";
    .port_info 2 /OUTPUT 4 "BCD";
v00000245b1a4ce20_0 .var "BCD", 3 0;
v00000245b1a233b0_0 .net "enablen", 0 0, v00000245b1ab79d0_0;  alias, 1 drivers
v00000245b1a4d970_0 .net "entrada", 9 0, v00000245b1ab7ed0_0;  alias, 1 drivers
E_00000245b1a4b490 .event anyedge, v00000245b1a4d970_0;
S_00000245b1a5abf0 .scope module, "BL1" "divisor" 3 26, 5 1 0, S_00000245b1a60ed0;
 .timescale -9 -12;
    .port_info 0 /INPUT 1 "clk";
    .port_info 1 /OUTPUT 1 "clkf";
v00000245b1a611f0_0 .var "a", 5 0;
v00000245b1a61290_0 .net "clk", 0 0, v00000245b1ab8470_0;  alias, 1 drivers
v00000245b1a5ad80_0 .var "clkf", 0 0;
E_00000245b1a4af50 .event posedge, v00000245b1a61290_0;
S_00000245b1a5ae20 .scope module, "BL2" "counter" 3 27, 6 1 0, S_00000245b1a60ed0;
 .timescale -9 -12;
    .port_info 0 /INPUT 1 "clock";
    .port_info 1 /INPUT 1 "reset";
    .port_info 2 /OUTPUT 1 "Q";
v00000245b1a5afb0_0 .var "Q", 0 0;
v00000245b19ee960_0 .net "clock", 0 0, v00000245b1ab8470_0;  alias, 1 drivers
v00000245b19eea00_0 .var "contador", 2 0;
v00000245b19eeaa0_0 .net "reset", 0 0, L_00000245b1a62960;  alias, 1 drivers
E_00000245b1a4b310 .event posedge, v00000245b19eeaa0_0, v00000245b1a61290_0;
S_00000245b19eeb40 .scope module, "BL3" "mux" 3 28, 7 1 0, S_00000245b1a60ed0;
 .timescale -9 -12;
    .port_info 0 /INPUT 1 "sel";
    .port_info 1 /INPUT 1 "saida_atraso";
    .port_info 2 /INPUT 1 "hz_clock";
    .port_info 3 /OUTPUT 1 "Q";
v00000245b1ab8150_0 .var "Q", 0 0;
v00000245b1ab80b0_0 .net "hz_clock", 0 0, v00000245b1a5ad80_0;  alias, 1 drivers
v00000245b1ab83d0_0 .net "saida_atraso", 0 0, v00000245b1a5afb0_0;  alias, 1 drivers
v00000245b1ab7b10_0 .net "sel", 0 0, v00000245b1ab79d0_0;  alias, 1 drivers
E_00000245b1a4bad0 .event anyedge, v00000245b1a233b0_0, v00000245b1a5afb0_0, v00000245b1a5ad80_0;
    .scope S_00000245b1a61060;
T_0 ;
    %wait E_00000245b1a4b490;
    %load/vec4 v00000245b1a233b0_0;
    %cmpi/e 0, 0, 1;
    %jmp/0xz  T_0.0, 4;
    %load/vec4 v00000245b1a4d970_0;
    %dup/vec4;
    %pushi/vec4 512, 0, 10;
    %cmp/u;
    %jmp/1 T_0.2, 6;
    %dup/vec4;
    %pushi/vec4 256, 0, 10;
    %cmp/u;
    %jmp/1 T_0.3, 6;
    %dup/vec4;
    %pushi/vec4 128, 0, 10;
    %cmp/u;
    %jmp/1 T_0.4, 6;
    %dup/vec4;
    %pushi/vec4 64, 0, 10;
    %cmp/u;
    %jmp/1 T_0.5, 6;
    %dup/vec4;
    %pushi/vec4 32, 0, 10;
    %cmp/u;
    %jmp/1 T_0.6, 6;
    %dup/vec4;
    %pushi/vec4 16, 0, 10;
    %cmp/u;
    %jmp/1 T_0.7, 6;
    %dup/vec4;
    %pushi/vec4 8, 0, 10;
    %cmp/u;
    %jmp/1 T_0.8, 6;
    %dup/vec4;
    %pushi/vec4 4, 0, 10;
    %cmp/u;
    %jmp/1 T_0.9, 6;
    %dup/vec4;
    %pushi/vec4 1, 0, 10;
    %cmp/u;
    %jmp/1 T_0.10, 6;
    %jmp T_0.11;
T_0.2 ;
    %pushi/vec4 9, 0, 4;
    %store/vec4 v00000245b1a4ce20_0, 0, 4;
    %jmp T_0.11;
T_0.3 ;
    %pushi/vec4 8, 0, 4;
    %store/vec4 v00000245b1a4ce20_0, 0, 4;
    %jmp T_0.11;
T_0.4 ;
    %pushi/vec4 7, 0, 4;
    %store/vec4 v00000245b1a4ce20_0, 0, 4;
    %jmp T_0.11;
T_0.5 ;
    %pushi/vec4 6, 0, 4;
    %store/vec4 v00000245b1a4ce20_0, 0, 4;
    %jmp T_0.11;
T_0.6 ;
    %pushi/vec4 5, 0, 4;
    %store/vec4 v00000245b1a4ce20_0, 0, 4;
    %jmp T_0.11;
T_0.7 ;
    %pushi/vec4 4, 0, 4;
    %store/vec4 v00000245b1a4ce20_0, 0, 4;
    %jmp T_0.11;
T_0.8 ;
    %pushi/vec4 3, 0, 4;
    %store/vec4 v00000245b1a4ce20_0, 0, 4;
    %jmp T_0.11;
T_0.9 ;
    %pushi/vec4 2, 0, 4;
    %store/vec4 v00000245b1a4ce20_0, 0, 4;
    %jmp T_0.11;
T_0.10 ;
    %pushi/vec4 1, 0, 4;
    %store/vec4 v00000245b1a4ce20_0, 0, 4;
    %jmp T_0.11;
T_0.11 ;
    %pop/vec4 1;
T_0.0 ;
    %jmp T_0;
    .thread T_0, $push;
    .scope S_00000245b1a5abf0;
T_1 ;
    %pushi/vec4 0, 0, 6;
    %store/vec4 v00000245b1a611f0_0, 0, 6;
    %end;
    .thread T_1;
    .scope S_00000245b1a5abf0;
T_2 ;
    %pushi/vec4 0, 0, 1;
    %store/vec4 v00000245b1a5ad80_0, 0, 1;
    %end;
    .thread T_2;
    .scope S_00000245b1a5abf0;
T_3 ;
    %wait E_00000245b1a4af50;
    %load/vec4 v00000245b1a611f0_0;
    %addi 1, 0, 6;
    %store/vec4 v00000245b1a611f0_0, 0, 6;
    %load/vec4 v00000245b1a611f0_0;
    %pad/u 32;
    %cmpi/u 50, 0, 32;
    %flag_inv 5; GE is !LT
    %jmp/0xz  T_3.0, 5;
    %pushi/vec4 0, 0, 6;
    %store/vec4 v00000245b1a611f0_0, 0, 6;
    %load/vec4 v00000245b1a5ad80_0;
    %inv;
    %store/vec4 v00000245b1a5ad80_0, 0, 1;
T_3.0 ;
    %jmp T_3;
    .thread T_3;
    .scope S_00000245b1a5ae20;
T_4 ;
    %wait E_00000245b1a4b310;
    %load/vec4 v00000245b19eeaa0_0;
    %flag_set/vec4 8;
    %jmp/0xz  T_4.0, 8;
    %pushi/vec4 0, 0, 3;
    %store/vec4 v00000245b19eea00_0, 0, 3;
    %pushi/vec4 0, 0, 1;
    %store/vec4 v00000245b1a5afb0_0, 0, 1;
    %jmp T_4.1;
T_4.0 ;
    %load/vec4 v00000245b19eea00_0;
    %cmpi/e 3, 0, 3;
    %jmp/0xz  T_4.2, 4;
    %pushi/vec4 1, 0, 1;
    %store/vec4 v00000245b1a5afb0_0, 0, 1;
    %load/vec4 v00000245b19eea00_0;
    %addi 1, 0, 3;
    %store/vec4 v00000245b19eea00_0, 0, 3;
    %jmp T_4.3;
T_4.2 ;
    %load/vec4 v00000245b19eea00_0;
    %cmpi/u 7, 0, 3;
    %jmp/0xz  T_4.4, 5;
    %load/vec4 v00000245b19eea00_0;
    %addi 1, 0, 3;
    %store/vec4 v00000245b19eea00_0, 0, 3;
T_4.4 ;
T_4.3 ;
T_4.1 ;
    %jmp T_4;
    .thread T_4;
    .scope S_00000245b19eeb40;
T_5 ;
    %wait E_00000245b1a4bad0;
    %load/vec4 v00000245b1ab7b10_0;
    %pad/u 32;
    %cmpi/e 0, 0, 32;
    %jmp/0xz  T_5.0, 4;
    %load/vec4 v00000245b1ab83d0_0;
    %store/vec4 v00000245b1ab8150_0, 0, 1;
    %jmp T_5.1;
T_5.0 ;
    %load/vec4 v00000245b1ab80b0_0;
    %store/vec4 v00000245b1ab8150_0, 0, 1;
T_5.1 ;
    %jmp T_5;
    .thread T_5, $push;
    .scope S_00000245b1a60ed0;
T_6 ;
    %pushi/vec4 0, 0, 1;
    %store/vec4 v00000245b1ab81f0_0, 0, 1;
    %end;
    .thread T_6;
    .scope S_00000245b1a60ed0;
T_7 ;
    %wait E_00000245b1a4b490;
    %load/vec4 v00000245b1ab8650_0;
    %cmpi/e 0, 0, 10;
    %jmp/0xz  T_7.0, 4;
    %pushi/vec4 0, 0, 1;
    %store/vec4 v00000245b1ab81f0_0, 0, 1;
    %jmp T_7.1;
T_7.0 ;
    %pushi/vec4 1, 0, 1;
    %store/vec4 v00000245b1ab81f0_0, 0, 1;
T_7.1 ;
    %jmp T_7;
    .thread T_7, $push;
    .scope S_00000245b1a4d7e0;
T_8 ;
    %vpi_call 2 15 "$dumpfile", "entrada_time_nivel2_teste.vcd" {0 0 0};
    %vpi_call 2 16 "$dumpvars", 32'sb00000000000000000000000000000000, S_00000245b1a4d7e0 {0 0 0};
    %delay 1000, 0;
    %pushi/vec4 512, 0, 10;
    %store/vec4 v00000245b1ab7ed0_0, 0, 10;
    %pushi/vec4 1, 0, 1;
    %store/vec4 v00000245b1ab8470_0, 0, 1;
    %pushi/vec4 0, 0, 1;
    %store/vec4 v00000245b1ab79d0_0, 0, 1;
    %pushi/vec4 201, 0, 32;
T_8.0 %dup/vec4;
    %pushi/vec4 0, 0, 32;
    %cmp/s;
    %jmp/1xz T_8.1, 5;
    %jmp/1 T_8.1, 4;
    %pushi/vec4 1, 0, 32;
    %sub;
    %delay 1000, 0;
    %load/vec4 v00000245b1ab8470_0;
    %inv;
    %store/vec4 v00000245b1ab8470_0, 0, 1;
    %jmp T_8.0;
T_8.1 ;
    %pop/vec4 1;
    %delay 1000, 0;
    %pushi/vec4 256, 0, 10;
    %store/vec4 v00000245b1ab7ed0_0, 0, 10;
    %pushi/vec4 1, 0, 1;
    %store/vec4 v00000245b1ab8470_0, 0, 1;
    %pushi/vec4 201, 0, 32;
T_8.2 %dup/vec4;
    %pushi/vec4 0, 0, 32;
    %cmp/s;
    %jmp/1xz T_8.3, 5;
    %jmp/1 T_8.3, 4;
    %pushi/vec4 1, 0, 32;
    %sub;
    %delay 1000, 0;
    %load/vec4 v00000245b1ab8470_0;
    %inv;
    %store/vec4 v00000245b1ab8470_0, 0, 1;
    %jmp T_8.2;
T_8.3 ;
    %pop/vec4 1;
    %delay 1000, 0;
    %pushi/vec4 256, 0, 10;
    %store/vec4 v00000245b1ab7ed0_0, 0, 10;
    %pushi/vec4 1, 0, 1;
    %store/vec4 v00000245b1ab8470_0, 0, 1;
    %pushi/vec4 1, 0, 1;
    %store/vec4 v00000245b1ab79d0_0, 0, 1;
    %pushi/vec4 201, 0, 32;
T_8.4 %dup/vec4;
    %pushi/vec4 0, 0, 32;
    %cmp/s;
    %jmp/1xz T_8.5, 5;
    %jmp/1 T_8.5, 4;
    %pushi/vec4 1, 0, 32;
    %sub;
    %delay 1000, 0;
    %load/vec4 v00000245b1ab8470_0;
    %inv;
    %store/vec4 v00000245b1ab8470_0, 0, 1;
    %jmp T_8.4;
T_8.5 ;
    %pop/vec4 1;
    %pushi/vec4 0, 0, 1;
    %store/vec4 v00000245b1ab79d0_0, 0, 1;
    %pushi/vec4 201, 0, 32;
T_8.6 %dup/vec4;
    %pushi/vec4 0, 0, 32;
    %cmp/s;
    %jmp/1xz T_8.7, 5;
    %jmp/1 T_8.7, 4;
    %pushi/vec4 1, 0, 32;
    %sub;
    %delay 1000, 0;
    %load/vec4 v00000245b1ab8470_0;
    %inv;
    %store/vec4 v00000245b1ab8470_0, 0, 1;
    %jmp T_8.6;
T_8.7 ;
    %pop/vec4 1;
    %end;
    .thread T_8;
# The file index is used to find the file name in the following table.
:file_names 8;
    "N/A";
    "<interactive>";
    "entrada_timer.tb.v";
    "entrada_timer.v";
    "././nivel3/codificador/codificador_prioritario.v";
    "././nivel3/contador_freq/div_frequencia.v";
    "././nivel3/contador_nao_reciclado/contador_nao_reciclavel.v";
    "././nivel3/mux/mux.v";
