#! /c/Source/iverilog-install/bin/vvp
:ivl_version "12.0 (devel)" "(s20150603-1539-g2693dd32b)";
:ivl_delay_selection "TYPICAL";
:vpi_time_precision - 12;
:vpi_module "C:\iverilog\lib\ivl\system.vpi";
:vpi_module "C:\iverilog\lib\ivl\vhdl_sys.vpi";
:vpi_module "C:\iverilog\lib\ivl\vhdl_textio.vpi";
:vpi_module "C:\iverilog\lib\ivl\v2005_math.vpi";
:vpi_module "C:\iverilog\lib\ivl\va_math.vpi";
S_000001b83648eb40 .scope module, "test_latch" "test_latch" 2 3;
 .timescale -9 -12;
v000001b83648ef00_0 .net "Q", 0 0, v000001b8364883f0_0;  1 drivers
v000001b83648aae0_0 .var "R", 0 0;
v000001b83648ab80_0 .var "S", 0 0;
S_000001b83648ecd0 .scope module, "DUT" "latch_sr" 2 8, 3 1 0, S_000001b83648eb40;
 .timescale -9 -12;
    .port_info 0 /INPUT 1 "S";
    .port_info 1 /INPUT 1 "R";
    .port_info 2 /OUTPUT 1 "Q";
v000001b8364883f0_0 .var "Q", 0 0;
v000001b836392f10_0 .net "R", 0 0, v000001b83648aae0_0;  1 drivers
v000001b83648ee60_0 .net "S", 0 0, v000001b83648ab80_0;  1 drivers
E_000001b8363c8a80 .event anyedge, v000001b83648ee60_0, v000001b836392f10_0;
    .scope S_000001b83648ecd0;
T_0 ;
    %wait E_000001b8363c8a80;
    %load/vec4 v000001b83648ee60_0;
    %flag_set/vec4 9;
    %flag_get/vec4 9;
    %jmp/0 T_0.2, 9;
    %load/vec4 v000001b836392f10_0;
    %nor/r;
    %and;
T_0.2;
    %flag_set/vec4 8;
    %jmp/0xz  T_0.0, 8;
    %pushi/vec4 1, 0, 1;
    %assign/vec4 v000001b8364883f0_0, 0;
    %jmp T_0.1;
T_0.0 ;
    %load/vec4 v000001b836392f10_0;
    %flag_set/vec4 9;
    %flag_get/vec4 9;
    %jmp/0 T_0.5, 9;
    %load/vec4 v000001b83648ee60_0;
    %nor/r;
    %and;
T_0.5;
    %flag_set/vec4 8;
    %jmp/0xz  T_0.3, 8;
    %pushi/vec4 0, 0, 1;
    %assign/vec4 v000001b8364883f0_0, 0;
T_0.3 ;
T_0.1 ;
    %jmp T_0;
    .thread T_0, $push;
    .scope S_000001b83648eb40;
T_1 ;
    %vpi_call 2 11 "$dumpfile", "latch_teste.vcd" {0 0 0};
    %vpi_call 2 12 "$dumpvars", 32'sb00000000000000000000000000000000, S_000001b83648eb40 {0 0 0};
    %delay 10000, 0;
    %pushi/vec4 0, 0, 1;
    %store/vec4 v000001b83648ab80_0, 0, 1;
    %pushi/vec4 0, 0, 1;
    %store/vec4 v000001b83648aae0_0, 0, 1;
    %delay 10000, 0;
    %pushi/vec4 0, 0, 1;
    %store/vec4 v000001b83648ab80_0, 0, 1;
    %pushi/vec4 0, 0, 1;
    %store/vec4 v000001b83648aae0_0, 0, 1;
    %delay 10000, 0;
    %pushi/vec4 0, 0, 1;
    %store/vec4 v000001b83648ab80_0, 0, 1;
    %pushi/vec4 1, 0, 1;
    %store/vec4 v000001b83648aae0_0, 0, 1;
    %delay 10000, 0;
    %pushi/vec4 0, 0, 1;
    %store/vec4 v000001b83648ab80_0, 0, 1;
    %pushi/vec4 1, 0, 1;
    %store/vec4 v000001b83648aae0_0, 0, 1;
    %delay 10000, 0;
    %pushi/vec4 0, 0, 1;
    %store/vec4 v000001b83648ab80_0, 0, 1;
    %pushi/vec4 0, 0, 1;
    %store/vec4 v000001b83648aae0_0, 0, 1;
    %delay 10000, 0;
    %pushi/vec4 0, 0, 1;
    %store/vec4 v000001b83648ab80_0, 0, 1;
    %pushi/vec4 0, 0, 1;
    %store/vec4 v000001b83648aae0_0, 0, 1;
    %delay 10000, 0;
    %pushi/vec4 1, 0, 1;
    %store/vec4 v000001b83648ab80_0, 0, 1;
    %pushi/vec4 0, 0, 1;
    %store/vec4 v000001b83648aae0_0, 0, 1;
    %delay 10000, 0;
    %pushi/vec4 1, 0, 1;
    %store/vec4 v000001b83648ab80_0, 0, 1;
    %pushi/vec4 0, 0, 1;
    %store/vec4 v000001b83648aae0_0, 0, 1;
    %delay 10000, 0;
    %pushi/vec4 0, 0, 1;
    %store/vec4 v000001b83648ab80_0, 0, 1;
    %pushi/vec4 0, 0, 1;
    %store/vec4 v000001b83648aae0_0, 0, 1;
    %delay 10000, 0;
    %pushi/vec4 0, 0, 1;
    %store/vec4 v000001b83648ab80_0, 0, 1;
    %pushi/vec4 0, 0, 1;
    %store/vec4 v000001b83648aae0_0, 0, 1;
    %delay 10000, 0;
    %pushi/vec4 1, 0, 1;
    %store/vec4 v000001b83648ab80_0, 0, 1;
    %pushi/vec4 1, 0, 1;
    %store/vec4 v000001b83648aae0_0, 0, 1;
    %delay 10000, 0;
    %pushi/vec4 1, 0, 1;
    %store/vec4 v000001b83648ab80_0, 0, 1;
    %pushi/vec4 1, 0, 1;
    %store/vec4 v000001b83648aae0_0, 0, 1;
    %delay 10000, 0;
    %pushi/vec4 0, 0, 1;
    %store/vec4 v000001b83648ab80_0, 0, 1;
    %pushi/vec4 0, 0, 1;
    %store/vec4 v000001b83648aae0_0, 0, 1;
    %delay 10000, 0;
    %pushi/vec4 0, 0, 1;
    %store/vec4 v000001b83648ab80_0, 0, 1;
    %pushi/vec4 0, 0, 1;
    %store/vec4 v000001b83648aae0_0, 0, 1;
    %delay 10000, 0;
    %end;
    .thread T_1;
# The file index is used to find the file name in the following table.
:file_names 4;
    "N/A";
    "<interactive>";
    "latch.tb.v";
    "latch.v";
