#! /c/Source/iverilog-install/bin/vvp
:ivl_version "12.0 (devel)" "(s20150603-1539-g2693dd32b)";
:ivl_delay_selection "TYPICAL";
:vpi_time_precision - 12;
:vpi_module "C:\iverilog\lib\ivl\system.vpi";
:vpi_module "C:\iverilog\lib\ivl\vhdl_sys.vpi";
:vpi_module "C:\iverilog\lib\ivl\vhdl_textio.vpi";
:vpi_module "C:\iverilog\lib\ivl\v2005_math.vpi";
:vpi_module "C:\iverilog\lib\ivl\va_math.vpi";
S_000001ee662f6620 .scope module, "divisor_teste" "divisor_teste" 2 4;
 .timescale -9 -12;
v000001ee6607add0_0 .var "clk", 0 0;
v000001ee6607ae70_0 .net "clkf", 0 0, v000001ee6607ad30_0;  1 drivers
S_000001ee662f67b0 .scope module, "dut" "divisor" 2 8, 3 1 0, S_000001ee662f6620;
 .timescale -9 -12;
    .port_info 0 /INPUT 1 "clk";
    .port_info 1 /OUTPUT 1 "clkf";
v000001ee662c2b00_0 .var "a", 5 0;
v000001ee6607ac90_0 .net "clk", 0 0, v000001ee6607add0_0;  1 drivers
v000001ee6607ad30_0 .var "clkf", 0 0;
E_000001ee6607b910 .event posedge, v000001ee6607ac90_0;
    .scope S_000001ee662f67b0;
T_0 ;
    %pushi/vec4 0, 0, 6;
    %store/vec4 v000001ee662c2b00_0, 0, 6;
    %end;
    .thread T_0;
    .scope S_000001ee662f67b0;
T_1 ;
    %pushi/vec4 0, 0, 1;
    %store/vec4 v000001ee6607ad30_0, 0, 1;
    %end;
    .thread T_1;
    .scope S_000001ee662f67b0;
T_2 ;
    %wait E_000001ee6607b910;
    %load/vec4 v000001ee662c2b00_0;
    %addi 1, 0, 6;
    %store/vec4 v000001ee662c2b00_0, 0, 6;
    %load/vec4 v000001ee662c2b00_0;
    %pad/u 32;
    %cmpi/u 50, 0, 32;
    %flag_inv 5; GE is !LT
    %jmp/0xz  T_2.0, 5;
    %pushi/vec4 0, 0, 6;
    %store/vec4 v000001ee662c2b00_0, 0, 6;
    %load/vec4 v000001ee6607ad30_0;
    %inv;
    %store/vec4 v000001ee6607ad30_0, 0, 1;
T_2.0 ;
    %jmp T_2;
    .thread T_2;
    .scope S_000001ee662f6620;
T_3 ;
    %vpi_call 2 13 "$dumpfile", "divisor_teste.vcd" {0 0 0};
    %vpi_call 2 14 "$dumpvars", 32'sb00000000000000000000000000000000, S_000001ee662f6620 {0 0 0};
    %delay 1000, 0;
    %pushi/vec4 0, 0, 1;
    %store/vec4 v000001ee6607add0_0, 0, 1;
    %pushi/vec4 200, 0, 32;
T_3.0 %dup/vec4;
    %pushi/vec4 0, 0, 32;
    %cmp/s;
    %jmp/1xz T_3.1, 5;
    %jmp/1 T_3.1, 4;
    %pushi/vec4 1, 0, 32;
    %sub;
    %delay 1000, 0;
    %load/vec4 v000001ee6607add0_0;
    %inv;
    %store/vec4 v000001ee6607add0_0, 0, 1;
    %jmp T_3.0;
T_3.1 ;
    %pop/vec4 1;
    %end;
    .thread T_3;
# The file index is used to find the file name in the following table.
:file_names 4;
    "N/A";
    "<interactive>";
    "div_frequencia.tb.v";
    "div_frequencia.v";
