#! /c/Source/iverilog-install/bin/vvp
:ivl_version "12.0 (devel)" "(s20150603-1539-g2693dd32b)";
:ivl_delay_selection "TYPICAL";
:vpi_time_precision - 12;
:vpi_module "C:\iverilog\lib\ivl\system.vpi";
:vpi_module "C:\iverilog\lib\ivl\vhdl_sys.vpi";
:vpi_module "C:\iverilog\lib\ivl\vhdl_textio.vpi";
:vpi_module "C:\iverilog\lib\ivl\v2005_math.vpi";
:vpi_module "C:\iverilog\lib\ivl\va_math.vpi";
S_000001a485129680 .scope module, "contador_mod6_teste" "contador_mod6_teste" 2 3;
 .timescale -9 -12;
v000001a48518c480_0 .var "clearn", 0 0;
v000001a48518bbc0_0 .var "clk", 0 0;
v000001a48518c700_0 .var "data", 3 0;
v000001a48518c020_0 .var "en", 0 0;
v000001a48518c980_0 .var/i "i", 31 0;
v000001a48518c160_0 .var "loadn", 0 0;
v000001a48518c520_0 .net "tc", 0 0, L_000001a4850edae0;  1 drivers
v000001a48518c340_0 .net "tens", 3 0, v000001a48518bda0_0;  1 drivers
v000001a48518be40_0 .net "zero", 0 0, L_000001a48518c7a0;  1 drivers
S_000001a4850ee7e0 .scope module, "dut" "contador_mod_6" 2 13, 3 1 0, S_000001a485129680;
 .timescale -9 -12;
    .port_info 0 /INPUT 4 "data";
    .port_info 1 /INPUT 1 "clk";
    .port_info 2 /INPUT 1 "loadn";
    .port_info 3 /INPUT 1 "en";
    .port_info 4 /INPUT 1 "clearn";
    .port_info 5 /OUTPUT 4 "tens";
    .port_info 6 /OUTPUT 1 "tc";
    .port_info 7 /OUTPUT 1 "zero";
L_000001a4850edae0 .functor AND 1, v000001a48518c020_0, L_000001a48518c7a0, C4<1>, C4<1>;
L_000001a48518cb88 .functor BUFT 1, C4<0000>, C4<0>, C4<0>, C4<0>;
v000001a4850ee970_0 .net/2u *"_ivl_0", 3 0, L_000001a48518cb88;  1 drivers
v000001a485102f00_0 .net *"_ivl_2", 0 0, L_000001a48518c5c0;  1 drivers
L_000001a48518cbd0 .functor BUFT 1, C4<1>, C4<0>, C4<0>, C4<0>;
v000001a4850eea10_0 .net/2u *"_ivl_4", 0 0, L_000001a48518cbd0;  1 drivers
L_000001a48518cc18 .functor BUFT 1, C4<0>, C4<0>, C4<0>, C4<0>;
v000001a4850eeab0_0 .net/2u *"_ivl_6", 0 0, L_000001a48518cc18;  1 drivers
v000001a4850eeb50_0 .net "clearn", 0 0, v000001a48518c480_0;  1 drivers
v000001a48518b850_0 .net "clk", 0 0, v000001a48518bbc0_0;  1 drivers
v000001a48518b8f0_0 .net "data", 3 0, v000001a48518c700_0;  1 drivers
v000001a48518b990_0 .net "en", 0 0, v000001a48518c020_0;  1 drivers
v000001a48518ba30_0 .net "loadn", 0 0, v000001a48518c160_0;  1 drivers
v000001a48518bad0_0 .net "tc", 0 0, L_000001a4850edae0;  alias, 1 drivers
v000001a48518bda0_0 .var "tens", 3 0;
v000001a48518ca20_0 .net "zero", 0 0, L_000001a48518c7a0;  alias, 1 drivers
E_000001a485126630 .event posedge, v000001a48518b850_0;
E_000001a4851266f0 .event negedge, v000001a4850eeb50_0;
L_000001a48518c5c0 .cmp/eq 4, v000001a48518bda0_0, L_000001a48518cb88;
L_000001a48518c7a0 .functor MUXZ 1, L_000001a48518cc18, L_000001a48518cbd0, L_000001a48518c5c0, C4<>;
    .scope S_000001a4850ee7e0;
T_0 ;
    %wait E_000001a4851266f0;
    %pushi/vec4 0, 0, 4;
    %store/vec4 v000001a48518bda0_0, 0, 4;
    %jmp T_0;
    .thread T_0;
    .scope S_000001a4850ee7e0;
T_1 ;
    %wait E_000001a485126630;
    %load/vec4 v000001a48518b990_0;
    %flag_set/vec4 8;
    %jmp/0xz  T_1.0, 8;
    %load/vec4 v000001a48518bda0_0;
    %dup/vec4;
    %pushi/vec4 5, 0, 4;
    %cmp/u;
    %jmp/1 T_1.2, 6;
    %dup/vec4;
    %pushi/vec4 1, 0, 4;
    %cmp/u;
    %jmp/1 T_1.3, 6;
    %dup/vec4;
    %pushi/vec4 0, 0, 4;
    %cmp/u;
    %jmp/1 T_1.4, 6;
    %load/vec4 v000001a48518bda0_0;
    %subi 1, 0, 4;
    %assign/vec4 v000001a48518bda0_0, 0;
    %jmp T_1.6;
T_1.2 ;
    %pushi/vec4 4, 0, 4;
    %assign/vec4 v000001a48518bda0_0, 0;
    %jmp T_1.6;
T_1.3 ;
    %pushi/vec4 0, 0, 4;
    %assign/vec4 v000001a48518bda0_0, 0;
    %jmp T_1.6;
T_1.4 ;
    %pushi/vec4 5, 0, 4;
    %assign/vec4 v000001a48518bda0_0, 0;
    %jmp T_1.6;
T_1.6 ;
    %pop/vec4 1;
    %jmp T_1.1;
T_1.0 ;
    %load/vec4 v000001a48518ba30_0;
    %nor/r;
    %flag_set/vec4 8;
    %jmp/0xz  T_1.7, 8;
    %load/vec4 v000001a48518b8f0_0;
    %assign/vec4 v000001a48518bda0_0, 0;
T_1.7 ;
T_1.1 ;
    %jmp T_1;
    .thread T_1;
    .scope S_000001a485129680;
T_2 ;
    %vpi_call 2 18 "$dumpfile", "contador_mod6_teste.vcd" {0 0 0};
    %vpi_call 2 19 "$dumpvars", 32'sb00000000000000000000000000000000, S_000001a485129680 {0 0 0};
    %pushi/vec4 1, 0, 1;
    %cassign/vec4 v000001a48518c160_0;
    %pushi/vec4 0, 0, 1;
    %cassign/vec4 v000001a48518c020_0;
    %pushi/vec4 1, 0, 1;
    %cassign/vec4 v000001a48518c480_0;
    %pushi/vec4 6, 0, 4;
    %cassign/vec4 v000001a48518c700_0;
    %delay 5000, 0;
    %pushi/vec4 0, 0, 1;
    %cassign/vec4 v000001a48518c160_0;
    %delay 5000, 0;
    %pushi/vec4 1, 0, 1;
    %cassign/vec4 v000001a48518c160_0;
    %delay 5000, 0;
    %pushi/vec4 1, 0, 1;
    %cassign/vec4 v000001a48518c020_0;
    %end;
    .thread T_2;
    .scope S_000001a485129680;
T_3 ;
    %pushi/vec4 0, 0, 1;
    %store/vec4 v000001a48518bbc0_0, 0, 1;
    %end;
    .thread T_3;
    .scope S_000001a485129680;
T_4 ;
    %delay 5000, 0;
    %load/vec4 v000001a48518bbc0_0;
    %inv;
    %store/vec4 v000001a48518bbc0_0, 0, 1;
    %pushi/vec4 0, 0, 32;
    %store/vec4 v000001a48518c980_0, 0, 32;
T_4.0 ;
    %load/vec4 v000001a48518c980_0;
    %cmpi/s 26, 0, 32;
    %jmp/0xz T_4.1, 5;
    %delay 5000, 0;
    %load/vec4 v000001a48518bbc0_0;
    %inv;
    %store/vec4 v000001a48518bbc0_0, 0, 1;
    %load/vec4 v000001a48518c980_0;
    %addi 1, 0, 32;
    %store/vec4 v000001a48518c980_0, 0, 32;
    %jmp T_4.0;
T_4.1 ;
    %end;
    .thread T_4;
# The file index is used to find the file name in the following table.
:file_names 4;
    "N/A";
    "<interactive>";
    "contador_mod6.tb.v";
    "contador_mod6.v";
