#! /c/Source/iverilog-install/bin/vvp
:ivl_version "12.0 (devel)" "(s20150603-1539-g2693dd32b)";
:ivl_delay_selection "TYPICAL";
:vpi_time_precision - 9;
:vpi_module "C:\iverilog\lib\ivl\system.vpi";
:vpi_module "C:\iverilog\lib\ivl\vhdl_sys.vpi";
:vpi_module "C:\iverilog\lib\ivl\vhdl_textio.vpi";
:vpi_module "C:\iverilog\lib\ivl\v2005_math.vpi";
:vpi_module "C:\iverilog\lib\ivl\va_math.vpi";
S_000001848a069960 .scope module, "test_contador" "test_contador" 2 3;
 .timescale -9 -9;
v000001848a082e50_0 .net "Q", 0 0, v000001848a069af0_0;  1 drivers
v000001848a082ef0_0 .var "clear", 0 0;
v000001848a06add0_0 .var "clock", 0 0;
v000001848a06ae70_0 .var "contador", 0 0;
S_000001848a082ae0 .scope module, "dut" "counter" 2 8, 3 1 0, S_000001848a069960;
 .timescale -9 -9;
    .port_info 0 /INPUT 1 "clock";
    .port_info 1 /INPUT 1 "reset";
    .port_info 2 /OUTPUT 1 "Q";
v000001848a069af0_0 .var "Q", 0 0;
v000001848a082c70_0 .net "clock", 0 0, v000001848a06add0_0;  1 drivers
v000001848a082d10_0 .var "contador", 2 0;
v000001848a082db0_0 .net "reset", 0 0, v000001848a082ef0_0;  1 drivers
E_000001848a0a5660 .event posedge, v000001848a082db0_0, v000001848a082c70_0;
    .scope S_000001848a082ae0;
T_0 ;
    %wait E_000001848a0a5660;
    %load/vec4 v000001848a082db0_0;
    %flag_set/vec4 8;
    %jmp/0xz  T_0.0, 8;
    %pushi/vec4 0, 0, 3;
    %store/vec4 v000001848a082d10_0, 0, 3;
    %pushi/vec4 0, 0, 1;
    %store/vec4 v000001848a069af0_0, 0, 1;
    %jmp T_0.1;
T_0.0 ;
    %load/vec4 v000001848a082d10_0;
    %cmpi/e 3, 0, 3;
    %jmp/0xz  T_0.2, 4;
    %pushi/vec4 1, 0, 1;
    %store/vec4 v000001848a069af0_0, 0, 1;
    %load/vec4 v000001848a082d10_0;
    %addi 1, 0, 3;
    %store/vec4 v000001848a082d10_0, 0, 3;
    %jmp T_0.3;
T_0.2 ;
    %load/vec4 v000001848a082d10_0;
    %cmpi/u 7, 0, 3;
    %jmp/0xz  T_0.4, 5;
    %load/vec4 v000001848a082d10_0;
    %addi 1, 0, 3;
    %store/vec4 v000001848a082d10_0, 0, 3;
T_0.4 ;
T_0.3 ;
T_0.1 ;
    %jmp T_0;
    .thread T_0;
    .scope S_000001848a069960;
T_1 ;
    %vpi_call 2 13 "$dumpfile", "test_contador.vcd" {0 0 0};
    %vpi_call 2 14 "$dumpvars", 32'sb00000000000000000000000000000000, S_000001848a069960 {0 0 0};
    %pushi/vec4 1, 0, 1;
    %store/vec4 v000001848a06add0_0, 0, 1;
    %pushi/vec4 1, 0, 1;
    %store/vec4 v000001848a082ef0_0, 0, 1;
    %pushi/vec4 0, 0, 1;
    %store/vec4 v000001848a06ae70_0, 0, 1;
    %delay 5, 0;
    %pushi/vec4 1, 0, 1;
    %store/vec4 v000001848a06ae70_0, 0, 1;
    %delay 5, 0;
    %pushi/vec4 0, 0, 1;
    %store/vec4 v000001848a082ef0_0, 0, 1;
    %pushi/vec4 8, 0, 32;
T_1.0 %dup/vec4;
    %pushi/vec4 0, 0, 32;
    %cmp/s;
    %jmp/1xz T_1.1, 5;
    %jmp/1 T_1.1, 4;
    %pushi/vec4 1, 0, 32;
    %sub;
    %delay 10, 0;
    %load/vec4 v000001848a06add0_0;
    %inv;
    %store/vec4 v000001848a06add0_0, 0, 1;
    %jmp T_1.0;
T_1.1 ;
    %pop/vec4 1;
    %end;
    .thread T_1;
# The file index is used to find the file name in the following table.
:file_names 4;
    "N/A";
    "<interactive>";
    "contador_nao_reciclavel.tb.v";
    "contador_nao_reciclavel.v";
