#! /c/Source/iverilog-install/bin/vvp
:ivl_version "12.0 (devel)" "(s20150603-1539-g2693dd32b)";
:ivl_delay_selection "TYPICAL";
:vpi_time_precision - 9;
:vpi_module "C:\iverilog\lib\ivl\system.vpi";
:vpi_module "C:\iverilog\lib\ivl\vhdl_sys.vpi";
:vpi_module "C:\iverilog\lib\ivl\vhdl_textio.vpi";
:vpi_module "C:\iverilog\lib\ivl\v2005_math.vpi";
:vpi_module "C:\iverilog\lib\ivl\va_math.vpi";
S_000002aea11f96f0 .scope module, "test_control_nvl2" "test_control_nvl2" 2 3;
 .timescale -9 -9;
v000002aea12637a0_0 .var "clearn", 0 0;
v000002aea12628a0_0 .var "door_closed", 0 0;
v000002aea1262940_0 .net "mag_on", 0 0, v000002aea1263160_0;  1 drivers
v000002aea12629e0_0 .var "startn", 0 0;
v000002aea1262a80_0 .var "stopn", 0 0;
v000002aea1265070_0 .var "timer_done", 0 0;
S_000002aea120ee10 .scope module, "dut" "nvl2_controle" 2 7, 3 4 0, S_000002aea11f96f0;
 .timescale -9 -9;
    .port_info 0 /INPUT 1 "startn";
    .port_info 1 /INPUT 1 "stopn";
    .port_info 2 /INPUT 1 "clearn";
    .port_info 3 /INPUT 1 "door_closed";
    .port_info 4 /INPUT 1 "timer_done";
    .port_info 5 /OUTPUT 1 "mag_on";
v000002aea1263200_0 .net "clearn", 0 0, v000002aea12637a0_0;  1 drivers
v000002aea1262bc0_0 .net "door_closed", 0 0, v000002aea12628a0_0;  1 drivers
v000002aea1262c60_0 .net "mag_on", 0 0, v000002aea1263160_0;  alias, 1 drivers
v000002aea12632a0_0 .net "reset", 0 0, L_000002aea1267430;  1 drivers
v000002aea1263520_0 .net "set", 0 0, L_000002aea12118b0;  1 drivers
v000002aea1262ee0_0 .net "startn", 0 0, v000002aea12629e0_0;  1 drivers
v000002aea1263660_0 .net "stopn", 0 0, v000002aea1262a80_0;  1 drivers
v000002aea1263700_0 .net "timer_done", 0 0, v000002aea1265070_0;  1 drivers
S_000002aea120efa0 .scope module, "AL0" "controle" 3 11, 4 1 0, S_000002aea120ee10;
 .timescale -9 -9;
    .port_info 0 /INPUT 1 "startn";
    .port_info 1 /INPUT 1 "stopn";
    .port_info 2 /INPUT 1 "clearn";
    .port_info 3 /INPUT 1 "door_closed";
    .port_info 4 /INPUT 1 "timer_done";
    .port_info 5 /OUTPUT 1 "set";
    .port_info 6 /OUTPUT 1 "reset";
L_000002aea1211ae0 .functor NOT 1, v000002aea12629e0_0, C4<0>, C4<0>, C4<0>;
L_000002aea1211610 .functor AND 1, L_000002aea1211ae0, v000002aea12628a0_0, C4<1>, C4<1>;
L_000002aea1211b50 .functor NOT 1, v000002aea1265070_0, C4<0>, C4<0>, C4<0>;
L_000002aea12118b0 .functor AND 1, L_000002aea1211610, L_000002aea1211b50, C4<1>, C4<1>;
L_000002aea1211530 .functor NOT 1, v000002aea12628a0_0, C4<0>, C4<0>, C4<0>;
L_000002aea12115a0 .functor NOT 1, v000002aea12637a0_0, C4<0>, C4<0>, C4<0>;
L_000002aea12117d0 .functor OR 1, L_000002aea1211530, L_000002aea12115a0, C4<0>, C4<0>;
L_000002aea1211920 .functor NOT 1, v000002aea1262a80_0, C4<0>, C4<0>, C4<0>;
L_000002aea12669b0 .functor OR 1, L_000002aea12117d0, L_000002aea1211920, C4<0>, C4<0>;
L_000002aea1267430 .functor OR 1, L_000002aea12669b0, v000002aea1265070_0, C4<0>, C4<0>;
v000002aea11d33a0_0 .net *"_ivl_0", 0 0, L_000002aea1211ae0;  1 drivers
v000002aea120f130_0 .net *"_ivl_10", 0 0, L_000002aea12115a0;  1 drivers
v000002aea120f1d0_0 .net *"_ivl_12", 0 0, L_000002aea12117d0;  1 drivers
v000002aea120d200_0 .net *"_ivl_14", 0 0, L_000002aea1211920;  1 drivers
v000002aea120d2a0_0 .net *"_ivl_16", 0 0, L_000002aea12669b0;  1 drivers
v000002aea120d340_0 .net *"_ivl_2", 0 0, L_000002aea1211610;  1 drivers
v000002aea1262da0_0 .net *"_ivl_4", 0 0, L_000002aea1211b50;  1 drivers
v000002aea12635c0_0 .net *"_ivl_8", 0 0, L_000002aea1211530;  1 drivers
v000002aea1262b20_0 .net "clearn", 0 0, v000002aea12637a0_0;  alias, 1 drivers
v000002aea1263480_0 .net "door_closed", 0 0, v000002aea12628a0_0;  alias, 1 drivers
v000002aea1262f80_0 .net "reset", 0 0, L_000002aea1267430;  alias, 1 drivers
v000002aea1262e40_0 .net "set", 0 0, L_000002aea12118b0;  alias, 1 drivers
v000002aea1263020_0 .net "startn", 0 0, v000002aea12629e0_0;  alias, 1 drivers
v000002aea12633e0_0 .net "stopn", 0 0, v000002aea1262a80_0;  alias, 1 drivers
v000002aea12630c0_0 .net "timer_done", 0 0, v000002aea1265070_0;  alias, 1 drivers
S_000002aea120d3e0 .scope module, "AL1" "latch_sr" 3 12, 5 1 0, S_000002aea120ee10;
 .timescale -9 -9;
    .port_info 0 /INPUT 1 "S";
    .port_info 1 /INPUT 1 "R";
    .port_info 2 /OUTPUT 1 "Q";
v000002aea1263160_0 .var "Q", 0 0;
v000002aea1263340_0 .net "R", 0 0, L_000002aea1267430;  alias, 1 drivers
v000002aea1262d00_0 .net "S", 0 0, L_000002aea12118b0;  alias, 1 drivers
E_000002aea11fc730 .event anyedge, v000002aea1262e40_0, v000002aea1262f80_0;
    .scope S_000002aea120d3e0;
T_0 ;
    %wait E_000002aea11fc730;
    %load/vec4 v000002aea1262d00_0;
    %flag_set/vec4 9;
    %flag_get/vec4 9;
    %jmp/0 T_0.2, 9;
    %load/vec4 v000002aea1263340_0;
    %nor/r;
    %and;
T_0.2;
    %flag_set/vec4 8;
    %jmp/0xz  T_0.0, 8;
    %pushi/vec4 1, 0, 1;
    %assign/vec4 v000002aea1263160_0, 0;
    %jmp T_0.1;
T_0.0 ;
    %load/vec4 v000002aea1263340_0;
    %flag_set/vec4 9;
    %flag_get/vec4 9;
    %jmp/0 T_0.5, 9;
    %load/vec4 v000002aea1262d00_0;
    %nor/r;
    %and;
T_0.5;
    %flag_set/vec4 8;
    %jmp/0xz  T_0.3, 8;
    %pushi/vec4 0, 0, 1;
    %assign/vec4 v000002aea1263160_0, 0;
T_0.3 ;
T_0.1 ;
    %jmp T_0;
    .thread T_0, $push;
    .scope S_000002aea11f96f0;
T_1 ;
    %vpi_call 2 12 "$dumpfile", "teste_magnetron_nvl2.vcd" {0 0 0};
    %vpi_call 2 13 "$dumpvars", 32'sb00000000000000000000000000000000, S_000002aea11f96f0 {0 0 0};
    %pushi/vec4 1, 0, 1;
    %store/vec4 v000002aea12629e0_0, 0, 1;
    %pushi/vec4 0, 0, 1;
    %store/vec4 v000002aea1262a80_0, 0, 1;
    %pushi/vec4 0, 0, 1;
    %store/vec4 v000002aea12637a0_0, 0, 1;
    %pushi/vec4 0, 0, 1;
    %store/vec4 v000002aea12628a0_0, 0, 1;
    %pushi/vec4 0, 0, 1;
    %store/vec4 v000002aea1265070_0, 0, 1;
    %delay 5, 0;
    %pushi/vec4 1, 0, 1;
    %store/vec4 v000002aea12629e0_0, 0, 1;
    %pushi/vec4 0, 0, 1;
    %store/vec4 v000002aea1262a80_0, 0, 1;
    %pushi/vec4 0, 0, 1;
    %store/vec4 v000002aea12637a0_0, 0, 1;
    %pushi/vec4 1, 0, 1;
    %store/vec4 v000002aea12628a0_0, 0, 1;
    %pushi/vec4 0, 0, 1;
    %store/vec4 v000002aea1265070_0, 0, 1;
    %delay 5, 0;
    %pushi/vec4 1, 0, 1;
    %store/vec4 v000002aea12629e0_0, 0, 1;
    %pushi/vec4 1, 0, 1;
    %store/vec4 v000002aea1262a80_0, 0, 1;
    %pushi/vec4 0, 0, 1;
    %store/vec4 v000002aea12637a0_0, 0, 1;
    %pushi/vec4 1, 0, 1;
    %store/vec4 v000002aea12628a0_0, 0, 1;
    %pushi/vec4 0, 0, 1;
    %store/vec4 v000002aea1265070_0, 0, 1;
    %delay 5, 0;
    %pushi/vec4 1, 0, 1;
    %store/vec4 v000002aea12629e0_0, 0, 1;
    %pushi/vec4 0, 0, 1;
    %store/vec4 v000002aea1262a80_0, 0, 1;
    %pushi/vec4 0, 0, 1;
    %store/vec4 v000002aea12637a0_0, 0, 1;
    %pushi/vec4 1, 0, 1;
    %store/vec4 v000002aea12628a0_0, 0, 1;
    %pushi/vec4 0, 0, 1;
    %store/vec4 v000002aea1265070_0, 0, 1;
    %delay 5, 0;
    %pushi/vec4 1, 0, 1;
    %store/vec4 v000002aea12629e0_0, 0, 1;
    %pushi/vec4 0, 0, 1;
    %store/vec4 v000002aea1262a80_0, 0, 1;
    %pushi/vec4 0, 0, 1;
    %store/vec4 v000002aea12637a0_0, 0, 1;
    %pushi/vec4 0, 0, 1;
    %store/vec4 v000002aea12628a0_0, 0, 1;
    %pushi/vec4 0, 0, 1;
    %store/vec4 v000002aea1265070_0, 0, 1;
    %delay 5, 0;
    %pushi/vec4 1, 0, 1;
    %store/vec4 v000002aea12629e0_0, 0, 1;
    %pushi/vec4 0, 0, 1;
    %store/vec4 v000002aea1262a80_0, 0, 1;
    %pushi/vec4 0, 0, 1;
    %store/vec4 v000002aea12637a0_0, 0, 1;
    %pushi/vec4 1, 0, 1;
    %store/vec4 v000002aea12628a0_0, 0, 1;
    %pushi/vec4 1, 0, 1;
    %store/vec4 v000002aea1265070_0, 0, 1;
    %delay 5, 0;
    %pushi/vec4 1, 0, 1;
    %store/vec4 v000002aea12629e0_0, 0, 1;
    %pushi/vec4 0, 0, 1;
    %store/vec4 v000002aea1262a80_0, 0, 1;
    %pushi/vec4 0, 0, 1;
    %store/vec4 v000002aea12637a0_0, 0, 1;
    %pushi/vec4 1, 0, 1;
    %store/vec4 v000002aea12628a0_0, 0, 1;
    %pushi/vec4 0, 0, 1;
    %store/vec4 v000002aea1265070_0, 0, 1;
    %delay 5, 0;
    %pushi/vec4 1, 0, 1;
    %store/vec4 v000002aea12629e0_0, 0, 1;
    %pushi/vec4 0, 0, 1;
    %store/vec4 v000002aea1262a80_0, 0, 1;
    %pushi/vec4 1, 0, 1;
    %store/vec4 v000002aea12637a0_0, 0, 1;
    %pushi/vec4 1, 0, 1;
    %store/vec4 v000002aea12628a0_0, 0, 1;
    %pushi/vec4 1, 0, 1;
    %store/vec4 v000002aea1265070_0, 0, 1;
    %delay 5, 0;
    %pushi/vec4 1, 0, 1;
    %store/vec4 v000002aea12629e0_0, 0, 1;
    %pushi/vec4 0, 0, 1;
    %store/vec4 v000002aea1262a80_0, 0, 1;
    %pushi/vec4 0, 0, 1;
    %store/vec4 v000002aea12637a0_0, 0, 1;
    %pushi/vec4 1, 0, 1;
    %store/vec4 v000002aea12628a0_0, 0, 1;
    %pushi/vec4 0, 0, 1;
    %store/vec4 v000002aea1265070_0, 0, 1;
    %delay 5, 0;
    %pushi/vec4 1, 0, 1;
    %store/vec4 v000002aea12629e0_0, 0, 1;
    %pushi/vec4 1, 0, 1;
    %store/vec4 v000002aea1262a80_0, 0, 1;
    %pushi/vec4 1, 0, 1;
    %store/vec4 v000002aea12637a0_0, 0, 1;
    %pushi/vec4 1, 0, 1;
    %store/vec4 v000002aea12628a0_0, 0, 1;
    %pushi/vec4 1, 0, 1;
    %store/vec4 v000002aea1265070_0, 0, 1;
    %delay 5, 0;
    %pushi/vec4 0, 0, 1;
    %store/vec4 v000002aea12629e0_0, 0, 1;
    %pushi/vec4 1, 0, 1;
    %store/vec4 v000002aea1262a80_0, 0, 1;
    %pushi/vec4 1, 0, 1;
    %store/vec4 v000002aea12637a0_0, 0, 1;
    %pushi/vec4 1, 0, 1;
    %store/vec4 v000002aea12628a0_0, 0, 1;
    %pushi/vec4 1, 0, 1;
    %store/vec4 v000002aea1265070_0, 0, 1;
    %delay 5, 0;
    %pushi/vec4 0, 0, 1;
    %store/vec4 v000002aea12629e0_0, 0, 1;
    %pushi/vec4 0, 0, 1;
    %store/vec4 v000002aea1262a80_0, 0, 1;
    %pushi/vec4 0, 0, 1;
    %store/vec4 v000002aea12637a0_0, 0, 1;
    %pushi/vec4 0, 0, 1;
    %store/vec4 v000002aea12628a0_0, 0, 1;
    %pushi/vec4 0, 0, 1;
    %store/vec4 v000002aea1265070_0, 0, 1;
    %end;
    .thread T_1;
# The file index is used to find the file name in the following table.
:file_names 6;
    "N/A";
    "<interactive>";
    "nivel2_magnetron.tb.v";
    "nivel2_magnetron.v";
    "././nivel_3/bloco_logico/bloco_logico.v";
    "././nivel_3/latch/latch.v";
