#! /c/Source/iverilog-install/bin/vvp
:ivl_version "12.0 (devel)" "(s20150603-1539-g2693dd32b)";
:ivl_delay_selection "TYPICAL";
:vpi_time_precision - 12;
:vpi_module "C:\iverilog\lib\ivl\system.vpi";
:vpi_module "C:\iverilog\lib\ivl\vhdl_sys.vpi";
:vpi_module "C:\iverilog\lib\ivl\vhdl_textio.vpi";
:vpi_module "C:\iverilog\lib\ivl\v2005_math.vpi";
:vpi_module "C:\iverilog\lib\ivl\va_math.vpi";
S_0000026111df3bd0 .scope module, "contador_nivel2_teste" "contador_nivel2_teste" 2 3;
 .timescale -9 -12;
v0000026111e65430_0 .var "CLK_tb", 0 0;
v0000026111e645d0_0 .var "clearn_tb", 0 0;
v0000026111e65070_0 .var "data_tb", 3 0;
v0000026111e647b0_0 .var "enable_tb", 0 0;
v0000026111e65570_0 .var "loadn_tb", 0 0;
v0000026111e64990_0 .net "minutes_tb", 3 0, v0000026111df0480_0;  1 drivers
v0000026111e64a30_0 .net "secs_tb", 3 0, v0000026111e64350_0;  1 drivers
v0000026111e656b0_0 .net "tens_secs_tb", 3 0, v0000026111e64d50_0;  1 drivers
v0000026111e63950_0 .net "timer_done_tb", 0 0, L_0000026111de8e90;  1 drivers
S_0000026111df3d60 .scope module, "DUT" "timer_nivel2" 2 9, 3 5 0, S_0000026111df3bd0;
 .timescale -9 -9;
    .port_info 0 /INPUT 4 "data";
    .port_info 1 /INPUT 1 "enable";
    .port_info 2 /INPUT 1 "clk";
    .port_info 3 /INPUT 1 "load";
    .port_info 4 /INPUT 1 "clearn";
    .port_info 5 /OUTPUT 1 "zero";
    .port_info 6 /OUTPUT 4 "so";
    .port_info 7 /OUTPUT 4 "st";
    .port_info 8 /OUTPUT 4 "min";
L_0000026111de9130 .functor AND 1, L_0000026111e65110, L_0000026111e65390, C4<1>, C4<1>;
L_0000026111de8e90 .functor AND 1, L_0000026111de9130, L_0000026111e657f0, C4<1>, C4<1>;
v0000026111e651b0_0 .net *"_ivl_0", 0 0, L_0000026111de9130;  1 drivers
v0000026111e64850_0 .net "clearn", 0 0, v0000026111e645d0_0;  1 drivers
v0000026111e63ef0_0 .net "clk", 0 0, v0000026111e65430_0;  1 drivers
v0000026111e63d10_0 .net "data", 3 0, v0000026111e65070_0;  1 drivers
v0000026111e643f0_0 .net "enable", 0 0, v0000026111e647b0_0;  1 drivers
v0000026111e64f30_0 .net "load", 0 0, v0000026111e65570_0;  1 drivers
v0000026111e63db0_0 .net "min", 3 0, v0000026111df0480_0;  alias, 1 drivers
v0000026111e64b70_0 .net "so", 3 0, v0000026111e64350_0;  alias, 1 drivers
v0000026111e63a90_0 .net "st", 3 0, v0000026111e64d50_0;  alias, 1 drivers
v0000026111e640d0_0 .net "t1", 0 0, L_0000026111de90c0;  1 drivers
v0000026111e64e90_0 .net "t2", 0 0, L_0000026111de91a0;  1 drivers
v0000026111e64170_0 .net "t3", 0 0, L_0000026111de8b80;  1 drivers
v0000026111e64fd0_0 .net "ze1", 0 0, L_0000026111e65110;  1 drivers
v0000026111e64490_0 .net "ze2", 0 0, L_0000026111e65390;  1 drivers
v0000026111e652f0_0 .net "ze3", 0 0, L_0000026111e657f0;  1 drivers
v0000026111e64530_0 .net "zero", 0 0, L_0000026111de8e90;  alias, 1 drivers
S_0000026111e03240 .scope module, "minutes" "contador_mod10" 3 16, 4 1 0, S_0000026111df3d60;
 .timescale -9 -12;
    .port_info 0 /INPUT 4 "data";
    .port_info 1 /INPUT 1 "clk";
    .port_info 2 /INPUT 1 "load";
    .port_info 3 /INPUT 1 "en";
    .port_info 4 /INPUT 1 "clearn";
    .port_info 5 /OUTPUT 4 "count";
    .port_info 6 /OUTPUT 1 "tc";
    .port_info 7 /OUTPUT 1 "count_end";
L_0000026111de8b80 .functor AND 1, L_0000026111de91a0, L_0000026111e657f0, C4<1>, C4<1>;
L_0000026111f10238 .functor BUFT 1, C4<0000>, C4<0>, C4<0>, C4<0>;
v0000026111df0a20_0 .net/2u *"_ivl_0", 3 0, L_0000026111f10238;  1 drivers
v0000026111df12e0_0 .net *"_ivl_2", 0 0, L_0000026111e65750;  1 drivers
L_0000026111f10280 .functor BUFT 1, C4<1>, C4<0>, C4<0>, C4<0>;
v0000026111df1060_0 .net/2u *"_ivl_4", 0 0, L_0000026111f10280;  1 drivers
L_0000026111f102c8 .functor BUFT 1, C4<0>, C4<0>, C4<0>, C4<0>;
v0000026111df0e80_0 .net/2u *"_ivl_6", 0 0, L_0000026111f102c8;  1 drivers
v0000026111df08e0_0 .net "clearn", 0 0, v0000026111e645d0_0;  alias, 1 drivers
v0000026111df11a0_0 .net "clk", 0 0, v0000026111e65430_0;  alias, 1 drivers
v0000026111df0480_0 .var "count", 3 0;
v0000026111df0520_0 .net "count_end", 0 0, L_0000026111e657f0;  alias, 1 drivers
v0000026111df0ac0_0 .net "data", 3 0, v0000026111e64d50_0;  alias, 1 drivers
v0000026111df0980_0 .net "en", 0 0, L_0000026111de91a0;  alias, 1 drivers
v0000026111df0b60_0 .net "load", 0 0, v0000026111e65570_0;  alias, 1 drivers
v0000026111df0c00_0 .net "tc", 0 0, L_0000026111de8b80;  alias, 1 drivers
E_0000026111df20b0 .event posedge, v0000026111df11a0_0;
E_0000026111df1f30 .event negedge, v0000026111df08e0_0;
L_0000026111e65750 .cmp/eq 4, v0000026111df0480_0, L_0000026111f10238;
L_0000026111e657f0 .functor MUXZ 1, L_0000026111f102c8, L_0000026111f10280, L_0000026111e65750, C4<>;
S_0000026111e033d0 .scope module, "secs" "contador_mod10" 3 14, 4 1 0, S_0000026111df3d60;
 .timescale -9 -12;
    .port_info 0 /INPUT 4 "data";
    .port_info 1 /INPUT 1 "clk";
    .port_info 2 /INPUT 1 "load";
    .port_info 3 /INPUT 1 "en";
    .port_info 4 /INPUT 1 "clearn";
    .port_info 5 /OUTPUT 4 "count";
    .port_info 6 /OUTPUT 1 "tc";
    .port_info 7 /OUTPUT 1 "count_end";
L_0000026111de90c0 .functor AND 1, v0000026111e647b0_0, L_0000026111e65110, C4<1>, C4<1>;
L_0000026111f10088 .functor BUFT 1, C4<0000>, C4<0>, C4<0>, C4<0>;
v0000026111df0d40_0 .net/2u *"_ivl_0", 3 0, L_0000026111f10088;  1 drivers
v0000026111df0de0_0 .net *"_ivl_2", 0 0, L_0000026111e64c10;  1 drivers
L_0000026111f100d0 .functor BUFT 1, C4<1>, C4<0>, C4<0>, C4<0>;
v0000026111df0f20_0 .net/2u *"_ivl_4", 0 0, L_0000026111f100d0;  1 drivers
L_0000026111f10118 .functor BUFT 1, C4<0>, C4<0>, C4<0>, C4<0>;
v0000026111df1100_0 .net/2u *"_ivl_6", 0 0, L_0000026111f10118;  1 drivers
v0000026111df1240_0 .net "clearn", 0 0, v0000026111e645d0_0;  alias, 1 drivers
v0000026111e63b30_0 .net "clk", 0 0, v0000026111e65430_0;  alias, 1 drivers
v0000026111e64350_0 .var "count", 3 0;
v0000026111e63bd0_0 .net "count_end", 0 0, L_0000026111e65110;  alias, 1 drivers
v0000026111e64cb0_0 .net "data", 3 0, v0000026111e65070_0;  alias, 1 drivers
v0000026111e64210_0 .net "en", 0 0, v0000026111e647b0_0;  alias, 1 drivers
v0000026111e63e50_0 .net "load", 0 0, v0000026111e65570_0;  alias, 1 drivers
v0000026111e648f0_0 .net "tc", 0 0, L_0000026111de90c0;  alias, 1 drivers
L_0000026111e64c10 .cmp/eq 4, v0000026111e64350_0, L_0000026111f10088;
L_0000026111e65110 .functor MUXZ 1, L_0000026111f10118, L_0000026111f100d0, L_0000026111e64c10, C4<>;
S_0000026111dfcdd0 .scope module, "tens" "contador_mod_6" 3 15, 5 1 0, S_0000026111df3d60;
 .timescale -9 -12;
    .port_info 0 /INPUT 4 "data";
    .port_info 1 /INPUT 1 "clk";
    .port_info 2 /INPUT 1 "loadn";
    .port_info 3 /INPUT 1 "en";
    .port_info 4 /INPUT 1 "clearn";
    .port_info 5 /OUTPUT 4 "tens";
    .port_info 6 /OUTPUT 1 "tc";
    .port_info 7 /OUTPUT 1 "zero";
L_0000026111de91a0 .functor AND 1, L_0000026111de90c0, L_0000026111e65390, C4<1>, C4<1>;
L_0000026111f10160 .functor BUFT 1, C4<0000>, C4<0>, C4<0>, C4<0>;
v0000026111e65610_0 .net/2u *"_ivl_0", 3 0, L_0000026111f10160;  1 drivers
v0000026111e639f0_0 .net *"_ivl_2", 0 0, L_0000026111e65250;  1 drivers
L_0000026111f101a8 .functor BUFT 1, C4<1>, C4<0>, C4<0>, C4<0>;
v0000026111e64df0_0 .net/2u *"_ivl_4", 0 0, L_0000026111f101a8;  1 drivers
L_0000026111f101f0 .functor BUFT 1, C4<0>, C4<0>, C4<0>, C4<0>;
v0000026111e64ad0_0 .net/2u *"_ivl_6", 0 0, L_0000026111f101f0;  1 drivers
v0000026111e63c70_0 .net "clearn", 0 0, v0000026111e645d0_0;  alias, 1 drivers
v0000026111e63f90_0 .net "clk", 0 0, v0000026111e65430_0;  alias, 1 drivers
v0000026111e64670_0 .net "data", 3 0, v0000026111e64350_0;  alias, 1 drivers
v0000026111e642b0_0 .net "en", 0 0, L_0000026111de90c0;  alias, 1 drivers
v0000026111e64030_0 .net "loadn", 0 0, v0000026111e65570_0;  alias, 1 drivers
v0000026111e654d0_0 .net "tc", 0 0, L_0000026111de91a0;  alias, 1 drivers
v0000026111e64d50_0 .var "tens", 3 0;
v0000026111e64710_0 .net "zero", 0 0, L_0000026111e65390;  alias, 1 drivers
L_0000026111e65250 .cmp/eq 4, v0000026111e64d50_0, L_0000026111f10160;
L_0000026111e65390 .functor MUXZ 1, L_0000026111f101f0, L_0000026111f101a8, L_0000026111e65250, C4<>;
    .scope S_0000026111e033d0;
T_0 ;
    %wait E_0000026111df1f30;
    %pushi/vec4 0, 0, 4;
    %store/vec4 v0000026111e64350_0, 0, 4;
    %jmp T_0;
    .thread T_0;
    .scope S_0000026111e033d0;
T_1 ;
    %wait E_0000026111df20b0;
    %load/vec4 v0000026111e64210_0;
    %flag_set/vec4 8;
    %jmp/0xz  T_1.0, 8;
    %load/vec4 v0000026111e64350_0;
    %dup/vec4;
    %pushi/vec4 9, 0, 4;
    %cmp/u;
    %jmp/1 T_1.2, 6;
    %dup/vec4;
    %pushi/vec4 1, 0, 4;
    %cmp/u;
    %jmp/1 T_1.3, 6;
    %dup/vec4;
    %pushi/vec4 0, 0, 4;
    %cmp/u;
    %jmp/1 T_1.4, 6;
    %load/vec4 v0000026111e64350_0;
    %subi 1, 0, 4;
    %assign/vec4 v0000026111e64350_0, 0;
    %jmp T_1.6;
T_1.2 ;
    %pushi/vec4 8, 0, 4;
    %assign/vec4 v0000026111e64350_0, 0;
    %jmp T_1.6;
T_1.3 ;
    %pushi/vec4 0, 0, 4;
    %assign/vec4 v0000026111e64350_0, 0;
    %jmp T_1.6;
T_1.4 ;
    %pushi/vec4 9, 0, 4;
    %assign/vec4 v0000026111e64350_0, 0;
    %jmp T_1.6;
T_1.6 ;
    %pop/vec4 1;
    %jmp T_1.1;
T_1.0 ;
    %load/vec4 v0000026111e63e50_0;
    %nor/r;
    %flag_set/vec4 8;
    %jmp/0xz  T_1.7, 8;
    %load/vec4 v0000026111e64cb0_0;
    %assign/vec4 v0000026111e64350_0, 0;
T_1.7 ;
T_1.1 ;
    %jmp T_1;
    .thread T_1;
    .scope S_0000026111dfcdd0;
T_2 ;
    %wait E_0000026111df1f30;
    %pushi/vec4 0, 0, 4;
    %store/vec4 v0000026111e64d50_0, 0, 4;
    %jmp T_2;
    .thread T_2;
    .scope S_0000026111dfcdd0;
T_3 ;
    %wait E_0000026111df20b0;
    %load/vec4 v0000026111e642b0_0;
    %flag_set/vec4 8;
    %jmp/0xz  T_3.0, 8;
    %load/vec4 v0000026111e64d50_0;
    %dup/vec4;
    %pushi/vec4 5, 0, 4;
    %cmp/u;
    %jmp/1 T_3.2, 6;
    %dup/vec4;
    %pushi/vec4 1, 0, 4;
    %cmp/u;
    %jmp/1 T_3.3, 6;
    %dup/vec4;
    %pushi/vec4 0, 0, 4;
    %cmp/u;
    %jmp/1 T_3.4, 6;
    %load/vec4 v0000026111e64d50_0;
    %subi 1, 0, 4;
    %assign/vec4 v0000026111e64d50_0, 0;
    %jmp T_3.6;
T_3.2 ;
    %pushi/vec4 4, 0, 4;
    %assign/vec4 v0000026111e64d50_0, 0;
    %jmp T_3.6;
T_3.3 ;
    %pushi/vec4 0, 0, 4;
    %assign/vec4 v0000026111e64d50_0, 0;
    %jmp T_3.6;
T_3.4 ;
    %pushi/vec4 5, 0, 4;
    %assign/vec4 v0000026111e64d50_0, 0;
    %jmp T_3.6;
T_3.6 ;
    %pop/vec4 1;
    %jmp T_3.1;
T_3.0 ;
    %load/vec4 v0000026111e64030_0;
    %nor/r;
    %flag_set/vec4 8;
    %jmp/0xz  T_3.7, 8;
    %load/vec4 v0000026111e64670_0;
    %assign/vec4 v0000026111e64d50_0, 0;
T_3.7 ;
T_3.1 ;
    %jmp T_3;
    .thread T_3;
    .scope S_0000026111e03240;
T_4 ;
    %wait E_0000026111df1f30;
    %pushi/vec4 0, 0, 4;
    %store/vec4 v0000026111df0480_0, 0, 4;
    %jmp T_4;
    .thread T_4;
    .scope S_0000026111e03240;
T_5 ;
    %wait E_0000026111df20b0;
    %load/vec4 v0000026111df0980_0;
    %flag_set/vec4 8;
    %jmp/0xz  T_5.0, 8;
    %load/vec4 v0000026111df0480_0;
    %dup/vec4;
    %pushi/vec4 9, 0, 4;
    %cmp/u;
    %jmp/1 T_5.2, 6;
    %dup/vec4;
    %pushi/vec4 1, 0, 4;
    %cmp/u;
    %jmp/1 T_5.3, 6;
    %dup/vec4;
    %pushi/vec4 0, 0, 4;
    %cmp/u;
    %jmp/1 T_5.4, 6;
    %load/vec4 v0000026111df0480_0;
    %subi 1, 0, 4;
    %assign/vec4 v0000026111df0480_0, 0;
    %jmp T_5.6;
T_5.2 ;
    %pushi/vec4 8, 0, 4;
    %assign/vec4 v0000026111df0480_0, 0;
    %jmp T_5.6;
T_5.3 ;
    %pushi/vec4 0, 0, 4;
    %assign/vec4 v0000026111df0480_0, 0;
    %jmp T_5.6;
T_5.4 ;
    %pushi/vec4 9, 0, 4;
    %assign/vec4 v0000026111df0480_0, 0;
    %jmp T_5.6;
T_5.6 ;
    %pop/vec4 1;
    %jmp T_5.1;
T_5.0 ;
    %load/vec4 v0000026111df0b60_0;
    %nor/r;
    %flag_set/vec4 8;
    %jmp/0xz  T_5.7, 8;
    %load/vec4 v0000026111df0ac0_0;
    %assign/vec4 v0000026111df0480_0, 0;
T_5.7 ;
T_5.1 ;
    %jmp T_5;
    .thread T_5;
    .scope S_0000026111df3bd0;
T_6 ;
    %vpi_call 2 13 "$dumpfile", "contador_nivel2_teste.vcd" {0 0 0};
    %vpi_call 2 14 "$dumpvars", 32'sb00000000000000000000000000000000, S_0000026111df3bd0 {0 0 0};
    %pushi/vec4 0, 0, 1;
    %store/vec4 v0000026111e65430_0, 0, 1;
    %pushi/vec4 0, 0, 1;
    %store/vec4 v0000026111e647b0_0, 0, 1;
    %pushi/vec4 0, 0, 1;
    %store/vec4 v0000026111e65570_0, 0, 1;
    %end;
    .thread T_6;
    .scope S_0000026111df3bd0;
T_7 ;
    %delay 1000, 0;
    %load/vec4 v0000026111e65570_0;
    %flag_set/vec4 8;
    %jmp/0 T_7.0, 8;
    %load/vec4 v0000026111e65430_0;
    %inv;
    %jmp/1 T_7.1, 8;
T_7.0 ; End of true expr.
    %load/vec4 v0000026111e65430_0;
    %jmp/0 T_7.1, 8;
 ; End of false expr.
    %blend;
T_7.1;
    %store/vec4 v0000026111e65430_0, 0, 1;
    %jmp T_7;
    .thread T_7;
    .scope S_0000026111df3bd0;
T_8 ;
    %pushi/vec4 1, 0, 1;
    %store/vec4 v0000026111e645d0_0, 0, 1;
    %delay 500, 0;
    %pushi/vec4 0, 0, 1;
    %store/vec4 v0000026111e645d0_0, 0, 1;
    %delay 500, 0;
    %pushi/vec4 1, 0, 1;
    %store/vec4 v0000026111e645d0_0, 0, 1;
    %delay 500, 0;
    %pushi/vec4 2, 0, 4;
    %store/vec4 v0000026111e65070_0, 0, 4;
    %delay 40, 0;
    %pushi/vec4 1, 0, 1;
    %store/vec4 v0000026111e65430_0, 0, 1;
    %delay 10, 0;
    %pushi/vec4 0, 0, 1;
    %store/vec4 v0000026111e65430_0, 0, 1;
    %delay 950, 0;
    %pushi/vec4 1, 0, 4;
    %store/vec4 v0000026111e65070_0, 0, 4;
    %delay 40, 0;
    %pushi/vec4 1, 0, 1;
    %store/vec4 v0000026111e65430_0, 0, 1;
    %delay 10, 0;
    %pushi/vec4 0, 0, 1;
    %store/vec4 v0000026111e65430_0, 0, 1;
    %delay 950, 0;
    %pushi/vec4 7, 0, 4;
    %store/vec4 v0000026111e65070_0, 0, 4;
    %delay 40, 0;
    %pushi/vec4 1, 0, 1;
    %store/vec4 v0000026111e65430_0, 0, 1;
    %delay 10, 0;
    %pushi/vec4 0, 0, 1;
    %store/vec4 v0000026111e65430_0, 0, 1;
    %delay 950, 0;
    %pushi/vec4 9, 0, 4;
    %store/vec4 v0000026111e65070_0, 0, 4;
    %delay 40, 0;
    %pushi/vec4 1, 0, 1;
    %store/vec4 v0000026111e65430_0, 0, 1;
    %delay 10, 0;
    %pushi/vec4 0, 0, 1;
    %store/vec4 v0000026111e65430_0, 0, 1;
    %delay 950, 0;
    %pushi/vec4 1, 0, 1;
    %store/vec4 v0000026111e647b0_0, 0, 1;
    %pushi/vec4 1, 0, 1;
    %store/vec4 v0000026111e65570_0, 0, 1;
    %delay 1000000, 0;
    %vpi_call 2 48 "$finish" {0 0 0};
    %end;
    .thread T_8;
# The file index is used to find the file name in the following table.
:file_names 6;
    "N/A";
    "<interactive>";
    "timer.tb.v";
    "timer.v";
    "././nivel3/contador_mod10/contador_mod10.v";
    "././nivel3/contador_mod6/contador_mod6.v";
