#! /c/Source/iverilog-install/bin/vvp
:ivl_version "12.0 (devel)" "(s20150603-1539-g2693dd32b)";
:ivl_delay_selection "TYPICAL";
:vpi_time_precision - 9;
:vpi_module "C:\iverilog\lib\ivl\system.vpi";
:vpi_module "C:\iverilog\lib\ivl\vhdl_sys.vpi";
:vpi_module "C:\iverilog\lib\ivl\vhdl_textio.vpi";
:vpi_module "C:\iverilog\lib\ivl\v2005_math.vpi";
:vpi_module "C:\iverilog\lib\ivl\va_math.vpi";
S_000002507a047fe0 .scope module, "test_mux" "test_mux" 2 3;
 .timescale -9 -9;
v000002507a04ec30_0 .net "Q", 0 0, v000002507a04ea50_0;  1 drivers
v000002507a04ab40_0 .var "hz_clock", 0 0;
v000002507a04abe0_0 .var "saida_atraso", 0 0;
v000002507a04ac80_0 .var "sel", 0 0;
S_000002507a04e8c0 .scope module, "DUT" "mux" 2 8, 3 1 0, S_000002507a047fe0;
 .timescale -9 -9;
    .port_info 0 /INPUT 1 "sel";
    .port_info 1 /INPUT 1 "saida_atraso";
    .port_info 2 /INPUT 1 "hz_clock";
    .port_info 3 /OUTPUT 1 "Q";
v000002507a04ea50_0 .var "Q", 0 0;
v000002507a232f10_0 .net "hz_clock", 0 0, v000002507a04ab40_0;  1 drivers
v000002507a04eaf0_0 .net "saida_atraso", 0 0, v000002507a04abe0_0;  1 drivers
v000002507a04eb90_0 .net "sel", 0 0, v000002507a04ac80_0;  1 drivers
E_000002507a047f60 .event anyedge, v000002507a04eb90_0, v000002507a04eaf0_0, v000002507a232f10_0;
    .scope S_000002507a04e8c0;
T_0 ;
    %wait E_000002507a047f60;
    %load/vec4 v000002507a04eb90_0;
    %pad/u 32;
    %cmpi/e 0, 0, 32;
    %jmp/0xz  T_0.0, 4;
    %load/vec4 v000002507a04eaf0_0;
    %store/vec4 v000002507a04ea50_0, 0, 1;
    %jmp T_0.1;
T_0.0 ;
    %load/vec4 v000002507a232f10_0;
    %store/vec4 v000002507a04ea50_0, 0, 1;
T_0.1 ;
    %jmp T_0;
    .thread T_0, $push;
    .scope S_000002507a047fe0;
T_1 ;
    %vpi_call 2 13 "$dumpfile", "test_mux.vcd" {0 0 0};
    %vpi_call 2 14 "$dumpvars", 32'sb00000000000000000000000000000000, S_000002507a047fe0 {0 0 0};
    %pushi/vec4 1, 0, 1;
    %store/vec4 v000002507a04ac80_0, 0, 1;
    %pushi/vec4 0, 0, 1;
    %store/vec4 v000002507a04abe0_0, 0, 1;
    %pushi/vec4 1, 0, 1;
    %store/vec4 v000002507a04ab40_0, 0, 1;
    %delay 5, 0;
    %pushi/vec4 0, 0, 1;
    %store/vec4 v000002507a04ac80_0, 0, 1;
    %pushi/vec4 0, 0, 1;
    %store/vec4 v000002507a04abe0_0, 0, 1;
    %pushi/vec4 1, 0, 1;
    %store/vec4 v000002507a04ab40_0, 0, 1;
    %delay 5, 0;
    %pushi/vec4 1, 0, 1;
    %store/vec4 v000002507a04ac80_0, 0, 1;
    %pushi/vec4 1, 0, 1;
    %store/vec4 v000002507a04abe0_0, 0, 1;
    %pushi/vec4 0, 0, 1;
    %store/vec4 v000002507a04ab40_0, 0, 1;
    %delay 5, 0;
    %pushi/vec4 0, 0, 1;
    %store/vec4 v000002507a04ac80_0, 0, 1;
    %pushi/vec4 1, 0, 1;
    %store/vec4 v000002507a04abe0_0, 0, 1;
    %pushi/vec4 0, 0, 1;
    %store/vec4 v000002507a04ab40_0, 0, 1;
    %delay 5, 0;
    %pushi/vec4 1, 0, 1;
    %store/vec4 v000002507a04ac80_0, 0, 1;
    %pushi/vec4 1, 0, 1;
    %store/vec4 v000002507a04abe0_0, 0, 1;
    %pushi/vec4 1, 0, 1;
    %store/vec4 v000002507a04ab40_0, 0, 1;
    %delay 5, 0;
    %pushi/vec4 0, 0, 1;
    %store/vec4 v000002507a04ac80_0, 0, 1;
    %pushi/vec4 1, 0, 1;
    %store/vec4 v000002507a04abe0_0, 0, 1;
    %pushi/vec4 1, 0, 1;
    %store/vec4 v000002507a04ab40_0, 0, 1;
    %delay 5, 0;
    %pushi/vec4 1, 0, 1;
    %store/vec4 v000002507a04ac80_0, 0, 1;
    %pushi/vec4 0, 0, 1;
    %store/vec4 v000002507a04abe0_0, 0, 1;
    %pushi/vec4 0, 0, 1;
    %store/vec4 v000002507a04ab40_0, 0, 1;
    %delay 5, 0;
    %pushi/vec4 0, 0, 1;
    %store/vec4 v000002507a04ac80_0, 0, 1;
    %pushi/vec4 0, 0, 1;
    %store/vec4 v000002507a04abe0_0, 0, 1;
    %pushi/vec4 0, 0, 1;
    %store/vec4 v000002507a04ab40_0, 0, 1;
    %end;
    .thread T_1;
# The file index is used to find the file name in the following table.
:file_names 4;
    "N/A";
    "<interactive>";
    "mux.tb.v";
    "mux.v";
