#! /c/Source/iverilog-install/bin/vvp
:ivl_version "12.0 (devel)" "(s20150603-1539-g2693dd32b)";
:ivl_delay_selection "TYPICAL";
:vpi_time_precision - 12;
:vpi_module "C:\iverilog\lib\ivl\system.vpi";
:vpi_module "C:\iverilog\lib\ivl\vhdl_sys.vpi";
:vpi_module "C:\iverilog\lib\ivl\vhdl_textio.vpi";
:vpi_module "C:\iverilog\lib\ivl\v2005_math.vpi";
:vpi_module "C:\iverilog\lib\ivl\va_math.vpi";
S_0000014534cbe7e0 .scope module, "contador_mod10t" "contador_mod10t" 2 3;
 .timescale -9 -12;
v0000014534d01e10_0 .var "clearn", 0 0;
v0000014534d01af0_0 .var "clk", 0 0;
v0000014534d01b90_0 .net "count", 3 0, v0000014534d538c0_0;  1 drivers
v0000014534d019b0_0 .net "count_end", 0 0, L_0000014534d01910;  1 drivers
v0000014534d01c30_0 .var "data", 3 0;
v0000014534d012d0_0 .var "en", 0 0;
v0000014534d017d0_0 .var/i "i", 31 0;
v0000014534d014b0_0 .var "load", 0 0;
v0000014534d01eb0_0 .net "tc", 0 0, L_0000014534cbda00;  1 drivers
S_0000014534cbe970 .scope module, "dut" "contador_mod10" 2 13, 3 1 0, S_0000014534cbe7e0;
 .timescale -9 -12;
    .port_info 0 /INPUT 4 "data";
    .port_info 1 /INPUT 1 "clk";
    .port_info 2 /INPUT 1 "load";
    .port_info 3 /INPUT 1 "enable";
    .port_info 4 /INPUT 1 "clear";
    .port_info 5 /OUTPUT 4 "count";
    .port_info 6 /OUTPUT 1 "count_end";
    .port_info 7 /OUTPUT 1 "tc";
L_0000014534cbda00 .functor AND 1, v0000014534d012d0_0, L_0000014534d01910, C4<1>, C4<1>;
L_0000014534d5cb68 .functor BUFT 1, C4<0000>, C4<0>, C4<0>, C4<0>;
v0000014534cf7c70_0 .net/2u *"_ivl_2", 3 0, L_0000014534d5cb68;  1 drivers
v0000014534cf7d10_0 .net *"_ivl_4", 0 0, L_0000014534d01370;  1 drivers
L_0000014534d5cbb0 .functor BUFT 1, C4<1>, C4<0>, C4<0>, C4<0>;
v0000014534cd2f00_0 .net/2u *"_ivl_6", 0 0, L_0000014534d5cbb0;  1 drivers
L_0000014534d5cbf8 .functor BUFT 1, C4<0>, C4<0>, C4<0>, C4<0>;
v0000014534cbeb00_0 .net/2u *"_ivl_8", 0 0, L_0000014534d5cbf8;  1 drivers
v0000014534cbeba0_0 .net "clear", 0 0, v0000014534d01e10_0;  1 drivers
v0000014534d53820_0 .net "clk", 0 0, v0000014534d01af0_0;  1 drivers
v0000014534d538c0_0 .var "count", 3 0;
v0000014534d53960_0 .net "count_end", 0 0, L_0000014534d01910;  alias, 1 drivers
v0000014534d53a00_0 .net "data", 3 0, v0000014534d01c30_0;  1 drivers
v0000014534d53aa0_0 .net "enable", 0 0, v0000014534d012d0_0;  1 drivers
v0000014534d010f0_0 .net "load", 0 0, v0000014534d014b0_0;  1 drivers
v0000014534d01730_0 .net "tc", 0 0, L_0000014534cbda00;  alias, 1 drivers
E_0000014534cf5810 .event posedge, v0000014534d53820_0;
E_0000014534cf54d0 .event negedge, v0000014534cbeba0_0;
L_0000014534d01370 .cmp/eq 4, v0000014534d538c0_0, L_0000014534d5cb68;
L_0000014534d01910 .functor MUXZ 1, L_0000014534d5cbf8, L_0000014534d5cbb0, L_0000014534d01370, C4<>;
    .scope S_0000014534cbe970;
T_0 ;
    %wait E_0000014534cf54d0;
    %pushi/vec4 0, 0, 4;
    %assign/vec4 v0000014534d538c0_0, 0;
    %jmp T_0;
    .thread T_0;
    .scope S_0000014534cbe970;
T_1 ;
    %wait E_0000014534cf5810;
    %load/vec4 v0000014534d53aa0_0;
    %flag_set/vec4 8;
    %jmp/0xz  T_1.0, 8;
    %load/vec4 v0000014534d538c0_0;
    %dup/vec4;
    %pushi/vec4 0, 0, 4;
    %cmp/u;
    %jmp/1 T_1.2, 6;
    %load/vec4 v0000014534d538c0_0;
    %subi 1, 0, 4;
    %assign/vec4 v0000014534d538c0_0, 0;
    %jmp T_1.4;
T_1.2 ;
    %pushi/vec4 9, 0, 4;
    %assign/vec4 v0000014534d538c0_0, 0;
    %jmp T_1.4;
T_1.4 ;
    %pop/vec4 1;
    %jmp T_1.1;
T_1.0 ;
    %load/vec4 v0000014534d010f0_0;
    %nor/r;
    %flag_set/vec4 8;
    %jmp/0xz  T_1.5, 8;
    %load/vec4 v0000014534d53a00_0;
    %assign/vec4 v0000014534d538c0_0, 0;
T_1.5 ;
T_1.1 ;
    %jmp T_1;
    .thread T_1;
    .scope S_0000014534cbe7e0;
T_2 ;
    %vpi_call 2 18 "$dumpfile", "contador_mod10.vcd" {0 0 0};
    %vpi_call 2 19 "$dumpvars", 32'sb00000000000000000000000000000000, S_0000014534cbe7e0 {0 0 0};
    %pushi/vec4 1, 0, 1;
    %cassign/vec4 v0000014534d014b0_0;
    %pushi/vec4 0, 0, 1;
    %cassign/vec4 v0000014534d012d0_0;
    %pushi/vec4 1, 0, 1;
    %cassign/vec4 v0000014534d01e10_0;
    %pushi/vec4 6, 0, 4;
    %cassign/vec4 v0000014534d01c30_0;
    %delay 5000, 0;
    %pushi/vec4 0, 0, 1;
    %cassign/vec4 v0000014534d014b0_0;
    %delay 5000, 0;
    %pushi/vec4 1, 0, 1;
    %cassign/vec4 v0000014534d014b0_0;
    %delay 5000, 0;
    %pushi/vec4 1, 0, 1;
    %cassign/vec4 v0000014534d012d0_0;
    %end;
    .thread T_2;
    .scope S_0000014534cbe7e0;
T_3 ;
    %pushi/vec4 0, 0, 1;
    %store/vec4 v0000014534d01af0_0, 0, 1;
    %end;
    .thread T_3;
    .scope S_0000014534cbe7e0;
T_4 ;
    %delay 5000, 0;
    %load/vec4 v0000014534d01af0_0;
    %inv;
    %store/vec4 v0000014534d01af0_0, 0, 1;
    %pushi/vec4 0, 0, 32;
    %store/vec4 v0000014534d017d0_0, 0, 32;
T_4.0 ;
    %load/vec4 v0000014534d017d0_0;
    %cmpi/s 26, 0, 32;
    %jmp/0xz T_4.1, 5;
    %delay 5000, 0;
    %load/vec4 v0000014534d01af0_0;
    %inv;
    %store/vec4 v0000014534d01af0_0, 0, 1;
    %load/vec4 v0000014534d017d0_0;
    %addi 1, 0, 32;
    %store/vec4 v0000014534d017d0_0, 0, 32;
    %jmp T_4.0;
T_4.1 ;
    %end;
    .thread T_4;
# The file index is used to find the file name in the following table.
:file_names 4;
    "N/A";
    "<interactive>";
    "contador_mod10t.tb.v";
    "contador_mod10.v";
