#! /c/Source/iverilog-install/bin/vvp
:ivl_version "12.0 (devel)" "(s20150603-1539-g2693dd32b)";
:ivl_delay_selection "TYPICAL";
:vpi_time_precision - 9;
:vpi_module "C:\iverilog\lib\ivl\system.vpi";
:vpi_module "C:\iverilog\lib\ivl\vhdl_sys.vpi";
:vpi_module "C:\iverilog\lib\ivl\vhdl_textio.vpi";
:vpi_module "C:\iverilog\lib\ivl\v2005_math.vpi";
:vpi_module "C:\iverilog\lib\ivl\va_math.vpi";
S_00000157bf726610 .scope module, "test_decoder" "test_decoder" 2 3;
 .timescale -9 -9;
v00000157bf733c80_0 .var "dSec", 3 0;
v00000157bf733d20_0 .net "dsecOut", 6 0, v00000157bf702f10_0;  1 drivers
v00000157bf7345d0_0 .var "min", 3 0;
v00000157bf734670_0 .net "minOut", 6 0, v00000157bf738380_0;  1 drivers
v00000157bf734710_0 .var "sec", 3 0;
v00000157bf7347b0_0 .net "secOut", 6 0, v00000157bf733be0_0;  1 drivers
S_00000157bf7380b0 .scope module, "dut" "decoder" 2 8, 3 1 0, S_00000157bf726610;
 .timescale -9 -9;
    .port_info 0 /INPUT 4 "min";
    .port_info 1 /INPUT 4 "dSec";
    .port_info 2 /INPUT 4 "sec";
    .port_info 3 /OUTPUT 7 "minOut";
    .port_info 4 /OUTPUT 7 "dsecOut";
    .port_info 5 /OUTPUT 7 "secOut";
v00000157bf738240_0 .net "dSec", 3 0, v00000157bf733c80_0;  1 drivers
v00000157bf702f10_0 .var "dsecOut", 6 0;
v00000157bf7382e0_0 .net "min", 3 0, v00000157bf7345d0_0;  1 drivers
v00000157bf738380_0 .var "minOut", 6 0;
v00000157bf738420_0 .net "sec", 3 0, v00000157bf734710_0;  1 drivers
v00000157bf733be0_0 .var "secOut", 6 0;
E_00000157bf7260f0 .event anyedge, v00000157bf738420_0;
E_00000157bf725f70 .event anyedge, v00000157bf738240_0;
E_00000157bf725c30 .event anyedge, v00000157bf7382e0_0;
    .scope S_00000157bf7380b0;
T_0 ;
    %wait E_00000157bf725c30;
    %load/vec4 v00000157bf7382e0_0;
    %dup/vec4;
    %pushi/vec4 0, 0, 4;
    %cmp/u;
    %jmp/1 T_0.0, 6;
    %dup/vec4;
    %pushi/vec4 1, 0, 4;
    %cmp/u;
    %jmp/1 T_0.1, 6;
    %dup/vec4;
    %pushi/vec4 2, 0, 4;
    %cmp/u;
    %jmp/1 T_0.2, 6;
    %dup/vec4;
    %pushi/vec4 3, 0, 4;
    %cmp/u;
    %jmp/1 T_0.3, 6;
    %dup/vec4;
    %pushi/vec4 4, 0, 4;
    %cmp/u;
    %jmp/1 T_0.4, 6;
    %dup/vec4;
    %pushi/vec4 5, 0, 4;
    %cmp/u;
    %jmp/1 T_0.5, 6;
    %dup/vec4;
    %pushi/vec4 6, 0, 4;
    %cmp/u;
    %jmp/1 T_0.6, 6;
    %dup/vec4;
    %pushi/vec4 7, 0, 4;
    %cmp/u;
    %jmp/1 T_0.7, 6;
    %dup/vec4;
    %pushi/vec4 8, 0, 4;
    %cmp/u;
    %jmp/1 T_0.8, 6;
    %dup/vec4;
    %pushi/vec4 9, 0, 4;
    %cmp/u;
    %jmp/1 T_0.9, 6;
    %jmp T_0.10;
T_0.0 ;
    %pushi/vec4 1, 0, 7;
    %store/vec4 v00000157bf738380_0, 0, 7;
    %jmp T_0.10;
T_0.1 ;
    %pushi/vec4 79, 0, 7;
    %store/vec4 v00000157bf738380_0, 0, 7;
    %jmp T_0.10;
T_0.2 ;
    %pushi/vec4 18, 0, 7;
    %store/vec4 v00000157bf738380_0, 0, 7;
    %jmp T_0.10;
T_0.3 ;
    %pushi/vec4 6, 0, 7;
    %store/vec4 v00000157bf738380_0, 0, 7;
    %jmp T_0.10;
T_0.4 ;
    %pushi/vec4 76, 0, 7;
    %store/vec4 v00000157bf738380_0, 0, 7;
    %jmp T_0.10;
T_0.5 ;
    %pushi/vec4 36, 0, 7;
    %store/vec4 v00000157bf738380_0, 0, 7;
    %jmp T_0.10;
T_0.6 ;
    %pushi/vec4 32, 0, 7;
    %store/vec4 v00000157bf738380_0, 0, 7;
    %jmp T_0.10;
T_0.7 ;
    %pushi/vec4 13, 0, 7;
    %store/vec4 v00000157bf738380_0, 0, 7;
    %jmp T_0.10;
T_0.8 ;
    %pushi/vec4 0, 0, 7;
    %store/vec4 v00000157bf738380_0, 0, 7;
    %jmp T_0.10;
T_0.9 ;
    %pushi/vec4 4, 0, 7;
    %store/vec4 v00000157bf738380_0, 0, 7;
    %jmp T_0.10;
T_0.10 ;
    %pop/vec4 1;
    %jmp T_0;
    .thread T_0, $push;
    .scope S_00000157bf7380b0;
T_1 ;
    %wait E_00000157bf725f70;
    %load/vec4 v00000157bf738240_0;
    %dup/vec4;
    %pushi/vec4 0, 0, 4;
    %cmp/u;
    %jmp/1 T_1.0, 6;
    %dup/vec4;
    %pushi/vec4 1, 0, 4;
    %cmp/u;
    %jmp/1 T_1.1, 6;
    %dup/vec4;
    %pushi/vec4 2, 0, 4;
    %cmp/u;
    %jmp/1 T_1.2, 6;
    %dup/vec4;
    %pushi/vec4 3, 0, 4;
    %cmp/u;
    %jmp/1 T_1.3, 6;
    %dup/vec4;
    %pushi/vec4 4, 0, 4;
    %cmp/u;
    %jmp/1 T_1.4, 6;
    %dup/vec4;
    %pushi/vec4 5, 0, 4;
    %cmp/u;
    %jmp/1 T_1.5, 6;
    %dup/vec4;
    %pushi/vec4 6, 0, 4;
    %cmp/u;
    %jmp/1 T_1.6, 6;
    %dup/vec4;
    %pushi/vec4 7, 0, 4;
    %cmp/u;
    %jmp/1 T_1.7, 6;
    %dup/vec4;
    %pushi/vec4 8, 0, 4;
    %cmp/u;
    %jmp/1 T_1.8, 6;
    %dup/vec4;
    %pushi/vec4 9, 0, 4;
    %cmp/u;
    %jmp/1 T_1.9, 6;
    %jmp T_1.10;
T_1.0 ;
    %pushi/vec4 1, 0, 7;
    %store/vec4 v00000157bf702f10_0, 0, 7;
    %jmp T_1.10;
T_1.1 ;
    %pushi/vec4 79, 0, 7;
    %store/vec4 v00000157bf702f10_0, 0, 7;
    %jmp T_1.10;
T_1.2 ;
    %pushi/vec4 18, 0, 7;
    %store/vec4 v00000157bf702f10_0, 0, 7;
    %jmp T_1.10;
T_1.3 ;
    %pushi/vec4 6, 0, 7;
    %store/vec4 v00000157bf702f10_0, 0, 7;
    %jmp T_1.10;
T_1.4 ;
    %pushi/vec4 76, 0, 7;
    %store/vec4 v00000157bf702f10_0, 0, 7;
    %jmp T_1.10;
T_1.5 ;
    %pushi/vec4 36, 0, 7;
    %store/vec4 v00000157bf702f10_0, 0, 7;
    %jmp T_1.10;
T_1.6 ;
    %pushi/vec4 32, 0, 7;
    %store/vec4 v00000157bf702f10_0, 0, 7;
    %jmp T_1.10;
T_1.7 ;
    %pushi/vec4 13, 0, 7;
    %store/vec4 v00000157bf702f10_0, 0, 7;
    %jmp T_1.10;
T_1.8 ;
    %pushi/vec4 0, 0, 7;
    %store/vec4 v00000157bf702f10_0, 0, 7;
    %jmp T_1.10;
T_1.9 ;
    %pushi/vec4 4, 0, 7;
    %store/vec4 v00000157bf702f10_0, 0, 7;
    %jmp T_1.10;
T_1.10 ;
    %pop/vec4 1;
    %jmp T_1;
    .thread T_1, $push;
    .scope S_00000157bf7380b0;
T_2 ;
    %wait E_00000157bf7260f0;
    %load/vec4 v00000157bf738420_0;
    %dup/vec4;
    %pushi/vec4 0, 0, 4;
    %cmp/u;
    %jmp/1 T_2.0, 6;
    %dup/vec4;
    %pushi/vec4 1, 0, 4;
    %cmp/u;
    %jmp/1 T_2.1, 6;
    %dup/vec4;
    %pushi/vec4 2, 0, 4;
    %cmp/u;
    %jmp/1 T_2.2, 6;
    %dup/vec4;
    %pushi/vec4 3, 0, 4;
    %cmp/u;
    %jmp/1 T_2.3, 6;
    %dup/vec4;
    %pushi/vec4 4, 0, 4;
    %cmp/u;
    %jmp/1 T_2.4, 6;
    %dup/vec4;
    %pushi/vec4 5, 0, 4;
    %cmp/u;
    %jmp/1 T_2.5, 6;
    %dup/vec4;
    %pushi/vec4 6, 0, 4;
    %cmp/u;
    %jmp/1 T_2.6, 6;
    %dup/vec4;
    %pushi/vec4 7, 0, 4;
    %cmp/u;
    %jmp/1 T_2.7, 6;
    %dup/vec4;
    %pushi/vec4 8, 0, 4;
    %cmp/u;
    %jmp/1 T_2.8, 6;
    %dup/vec4;
    %pushi/vec4 9, 0, 4;
    %cmp/u;
    %jmp/1 T_2.9, 6;
    %jmp T_2.10;
T_2.0 ;
    %pushi/vec4 1, 0, 7;
    %store/vec4 v00000157bf733be0_0, 0, 7;
    %jmp T_2.10;
T_2.1 ;
    %pushi/vec4 79, 0, 7;
    %store/vec4 v00000157bf733be0_0, 0, 7;
    %jmp T_2.10;
T_2.2 ;
    %pushi/vec4 18, 0, 7;
    %store/vec4 v00000157bf733be0_0, 0, 7;
    %jmp T_2.10;
T_2.3 ;
    %pushi/vec4 6, 0, 7;
    %store/vec4 v00000157bf733be0_0, 0, 7;
    %jmp T_2.10;
T_2.4 ;
    %pushi/vec4 76, 0, 7;
    %store/vec4 v00000157bf733be0_0, 0, 7;
    %jmp T_2.10;
T_2.5 ;
    %pushi/vec4 36, 0, 7;
    %store/vec4 v00000157bf733be0_0, 0, 7;
    %jmp T_2.10;
T_2.6 ;
    %pushi/vec4 32, 0, 7;
    %store/vec4 v00000157bf733be0_0, 0, 7;
    %jmp T_2.10;
T_2.7 ;
    %pushi/vec4 13, 0, 7;
    %store/vec4 v00000157bf733be0_0, 0, 7;
    %jmp T_2.10;
T_2.8 ;
    %pushi/vec4 0, 0, 7;
    %store/vec4 v00000157bf733be0_0, 0, 7;
    %jmp T_2.10;
T_2.9 ;
    %pushi/vec4 4, 0, 7;
    %store/vec4 v00000157bf733be0_0, 0, 7;
    %jmp T_2.10;
T_2.10 ;
    %pop/vec4 1;
    %jmp T_2;
    .thread T_2, $push;
    .scope S_00000157bf726610;
T_3 ;
    %vpi_call 2 13 "$dumpfile", "test_decoder.vcd" {0 0 0};
    %vpi_call 2 14 "$dumpvars", 32'sb00000000000000000000000000000000, S_00000157bf726610 {0 0 0};
    %pushi/vec4 0, 0, 4;
    %store/vec4 v00000157bf7345d0_0, 0, 4;
    %pushi/vec4 0, 0, 4;
    %store/vec4 v00000157bf733c80_0, 0, 4;
    %pushi/vec4 0, 0, 4;
    %store/vec4 v00000157bf734710_0, 0, 4;
    %delay 5, 0;
    %pushi/vec4 1, 0, 4;
    %store/vec4 v00000157bf7345d0_0, 0, 4;
    %pushi/vec4 1, 0, 4;
    %store/vec4 v00000157bf733c80_0, 0, 4;
    %pushi/vec4 1, 0, 4;
    %store/vec4 v00000157bf734710_0, 0, 4;
    %delay 5, 0;
    %pushi/vec4 2, 0, 4;
    %store/vec4 v00000157bf7345d0_0, 0, 4;
    %pushi/vec4 2, 0, 4;
    %store/vec4 v00000157bf733c80_0, 0, 4;
    %pushi/vec4 2, 0, 4;
    %store/vec4 v00000157bf734710_0, 0, 4;
    %delay 5, 0;
    %pushi/vec4 3, 0, 4;
    %store/vec4 v00000157bf7345d0_0, 0, 4;
    %pushi/vec4 3, 0, 4;
    %store/vec4 v00000157bf733c80_0, 0, 4;
    %pushi/vec4 3, 0, 4;
    %store/vec4 v00000157bf734710_0, 0, 4;
    %delay 5, 0;
    %pushi/vec4 4, 0, 4;
    %store/vec4 v00000157bf7345d0_0, 0, 4;
    %pushi/vec4 4, 0, 4;
    %store/vec4 v00000157bf733c80_0, 0, 4;
    %pushi/vec4 4, 0, 4;
    %store/vec4 v00000157bf734710_0, 0, 4;
    %delay 5, 0;
    %pushi/vec4 5, 0, 4;
    %store/vec4 v00000157bf7345d0_0, 0, 4;
    %pushi/vec4 5, 0, 4;
    %store/vec4 v00000157bf733c80_0, 0, 4;
    %pushi/vec4 5, 0, 4;
    %store/vec4 v00000157bf734710_0, 0, 4;
    %delay 5, 0;
    %pushi/vec4 6, 0, 4;
    %store/vec4 v00000157bf7345d0_0, 0, 4;
    %pushi/vec4 6, 0, 4;
    %store/vec4 v00000157bf733c80_0, 0, 4;
    %pushi/vec4 6, 0, 4;
    %store/vec4 v00000157bf734710_0, 0, 4;
    %delay 5, 0;
    %pushi/vec4 7, 0, 4;
    %store/vec4 v00000157bf7345d0_0, 0, 4;
    %pushi/vec4 7, 0, 4;
    %store/vec4 v00000157bf733c80_0, 0, 4;
    %pushi/vec4 7, 0, 4;
    %store/vec4 v00000157bf734710_0, 0, 4;
    %delay 5, 0;
    %pushi/vec4 8, 0, 4;
    %store/vec4 v00000157bf7345d0_0, 0, 4;
    %pushi/vec4 8, 0, 4;
    %store/vec4 v00000157bf733c80_0, 0, 4;
    %pushi/vec4 8, 0, 4;
    %store/vec4 v00000157bf734710_0, 0, 4;
    %delay 5, 0;
    %pushi/vec4 9, 0, 4;
    %store/vec4 v00000157bf7345d0_0, 0, 4;
    %pushi/vec4 9, 0, 4;
    %store/vec4 v00000157bf733c80_0, 0, 4;
    %pushi/vec4 9, 0, 4;
    %store/vec4 v00000157bf734710_0, 0, 4;
    %end;
    .thread T_3;
# The file index is used to find the file name in the following table.
:file_names 4;
    "N/A";
    "<interactive>";
    "decoder_7seg.tb.v";
    "decoder_7seg.v";
