#! /c/Source/iverilog-install/bin/vvp
:ivl_version "12.0 (devel)" "(s20150603-1539-g2693dd32b)";
:ivl_delay_selection "TYPICAL";
:vpi_time_precision - 9;
:vpi_module "C:\iverilog\lib\ivl\system.vpi";
:vpi_module "C:\iverilog\lib\ivl\vhdl_sys.vpi";
:vpi_module "C:\iverilog\lib\ivl\vhdl_textio.vpi";
:vpi_module "C:\iverilog\lib\ivl\v2005_math.vpi";
:vpi_module "C:\iverilog\lib\ivl\va_math.vpi";
S_000001ccb0625840 .scope module, "test_bloco_logico" "test_bloco_logico" 2 3;
 .timescale -9 -9;
v000001ccb068d7f0_0 .var "clearn", 0 0;
v000001ccb068d610_0 .var "door_closed", 0 0;
v000001ccb068d750_0 .net "reset", 0 0, L_000001ccb0625280;  1 drivers
v000001ccb068dbb0_0 .net "set", 0 0, L_000001ccb0625360;  1 drivers
v000001ccb068d6b0_0 .var "startn", 0 0;
v000001ccb068d390_0 .var "stopn", 0 0;
v000001ccb068d890_0 .var "timer_done", 0 0;
S_000001ccb063afb0 .scope module, "dut" "controle" 2 8, 3 1 0, S_000001ccb0625840;
 .timescale -9 -9;
    .port_info 0 /INPUT 1 "startn";
    .port_info 1 /INPUT 1 "stopn";
    .port_info 2 /INPUT 1 "clearn";
    .port_info 3 /INPUT 1 "door_closed";
    .port_info 4 /INPUT 1 "timer_done";
    .port_info 5 /OUTPUT 1 "set";
    .port_info 6 /OUTPUT 1 "reset";
L_000001ccb0624fe0 .functor NOT 1, v000001ccb068d6b0_0, C4<0>, C4<0>, C4<0>;
L_000001ccb0625210 .functor AND 1, L_000001ccb0624fe0, v000001ccb068d610_0, C4<1>, C4<1>;
L_000001ccb0625130 .functor NOT 1, v000001ccb068d890_0, C4<0>, C4<0>, C4<0>;
L_000001ccb0625360 .functor AND 1, L_000001ccb0625210, L_000001ccb0625130, C4<1>, C4<1>;
L_000001ccb06254b0 .functor NOT 1, v000001ccb068d610_0, C4<0>, C4<0>, C4<0>;
L_000001ccb06251a0 .functor NOT 1, v000001ccb068d7f0_0, C4<0>, C4<0>, C4<0>;
L_000001ccb06250c0 .functor OR 1, L_000001ccb06254b0, L_000001ccb06251a0, C4<0>, C4<0>;
L_000001ccb0624f70 .functor NOT 1, v000001ccb068d390_0, C4<0>, C4<0>, C4<0>;
L_000001ccb0625600 .functor OR 1, L_000001ccb06250c0, L_000001ccb0624f70, C4<0>, C4<0>;
L_000001ccb0625280 .functor OR 1, L_000001ccb0625600, v000001ccb068d890_0, C4<0>, C4<0>;
v000001ccb0603240_0 .net *"_ivl_0", 0 0, L_000001ccb0624fe0;  1 drivers
v000001ccb05eaf30_0 .net *"_ivl_10", 0 0, L_000001ccb06251a0;  1 drivers
v000001ccb0602db0_0 .net *"_ivl_12", 0 0, L_000001ccb06250c0;  1 drivers
v000001ccb06033c0_0 .net *"_ivl_14", 0 0, L_000001ccb0624f70;  1 drivers
v000001ccb063b140_0 .net *"_ivl_16", 0 0, L_000001ccb0625600;  1 drivers
v000001ccb063b1e0_0 .net *"_ivl_2", 0 0, L_000001ccb0625210;  1 drivers
v000001ccb063b280_0 .net *"_ivl_4", 0 0, L_000001ccb0625130;  1 drivers
v000001ccb068d430_0 .net *"_ivl_8", 0 0, L_000001ccb06254b0;  1 drivers
v000001ccb068d2f0_0 .net "clearn", 0 0, v000001ccb068d7f0_0;  1 drivers
v000001ccb068de30_0 .net "door_closed", 0 0, v000001ccb068d610_0;  1 drivers
v000001ccb068d1b0_0 .net "reset", 0 0, L_000001ccb0625280;  alias, 1 drivers
v000001ccb068d930_0 .net "set", 0 0, L_000001ccb0625360;  alias, 1 drivers
v000001ccb068dc50_0 .net "startn", 0 0, v000001ccb068d6b0_0;  1 drivers
v000001ccb068dcf0_0 .net "stopn", 0 0, v000001ccb068d390_0;  1 drivers
v000001ccb068ded0_0 .net "timer_done", 0 0, v000001ccb068d890_0;  1 drivers
    .scope S_000001ccb0625840;
T_0 ;
    %vpi_call 2 13 "$dumpfile", "test_bloco_logico.vcd" {0 0 0};
    %vpi_call 2 14 "$dumpvars", 32'sb00000000000000000000000000000000, S_000001ccb0625840 {0 0 0};
    %pushi/vec4 1, 0, 1;
    %store/vec4 v000001ccb068d6b0_0, 0, 1;
    %pushi/vec4 0, 0, 1;
    %store/vec4 v000001ccb068d390_0, 0, 1;
    %pushi/vec4 0, 0, 1;
    %store/vec4 v000001ccb068d7f0_0, 0, 1;
    %pushi/vec4 0, 0, 1;
    %store/vec4 v000001ccb068d610_0, 0, 1;
    %pushi/vec4 0, 0, 1;
    %store/vec4 v000001ccb068d890_0, 0, 1;
    %delay 5, 0;
    %pushi/vec4 1, 0, 1;
    %store/vec4 v000001ccb068d6b0_0, 0, 1;
    %pushi/vec4 0, 0, 1;
    %store/vec4 v000001ccb068d390_0, 0, 1;
    %pushi/vec4 0, 0, 1;
    %store/vec4 v000001ccb068d7f0_0, 0, 1;
    %pushi/vec4 1, 0, 1;
    %store/vec4 v000001ccb068d610_0, 0, 1;
    %pushi/vec4 0, 0, 1;
    %store/vec4 v000001ccb068d890_0, 0, 1;
    %delay 5, 0;
    %pushi/vec4 1, 0, 1;
    %store/vec4 v000001ccb068d6b0_0, 0, 1;
    %pushi/vec4 1, 0, 1;
    %store/vec4 v000001ccb068d390_0, 0, 1;
    %pushi/vec4 0, 0, 1;
    %store/vec4 v000001ccb068d7f0_0, 0, 1;
    %pushi/vec4 1, 0, 1;
    %store/vec4 v000001ccb068d610_0, 0, 1;
    %pushi/vec4 0, 0, 1;
    %store/vec4 v000001ccb068d890_0, 0, 1;
    %delay 5, 0;
    %pushi/vec4 1, 0, 1;
    %store/vec4 v000001ccb068d6b0_0, 0, 1;
    %pushi/vec4 0, 0, 1;
    %store/vec4 v000001ccb068d390_0, 0, 1;
    %pushi/vec4 0, 0, 1;
    %store/vec4 v000001ccb068d7f0_0, 0, 1;
    %pushi/vec4 1, 0, 1;
    %store/vec4 v000001ccb068d610_0, 0, 1;
    %pushi/vec4 0, 0, 1;
    %store/vec4 v000001ccb068d890_0, 0, 1;
    %delay 5, 0;
    %pushi/vec4 1, 0, 1;
    %store/vec4 v000001ccb068d6b0_0, 0, 1;
    %pushi/vec4 0, 0, 1;
    %store/vec4 v000001ccb068d390_0, 0, 1;
    %pushi/vec4 0, 0, 1;
    %store/vec4 v000001ccb068d7f0_0, 0, 1;
    %pushi/vec4 1, 0, 1;
    %store/vec4 v000001ccb068d610_0, 0, 1;
    %pushi/vec4 1, 0, 1;
    %store/vec4 v000001ccb068d890_0, 0, 1;
    %delay 5, 0;
    %pushi/vec4 1, 0, 1;
    %store/vec4 v000001ccb068d6b0_0, 0, 1;
    %pushi/vec4 0, 0, 1;
    %store/vec4 v000001ccb068d390_0, 0, 1;
    %pushi/vec4 0, 0, 1;
    %store/vec4 v000001ccb068d7f0_0, 0, 1;
    %pushi/vec4 0, 0, 1;
    %store/vec4 v000001ccb068d610_0, 0, 1;
    %pushi/vec4 0, 0, 1;
    %store/vec4 v000001ccb068d890_0, 0, 1;
    %delay 5, 0;
    %pushi/vec4 1, 0, 1;
    %store/vec4 v000001ccb068d6b0_0, 0, 1;
    %pushi/vec4 0, 0, 1;
    %store/vec4 v000001ccb068d390_0, 0, 1;
    %pushi/vec4 1, 0, 1;
    %store/vec4 v000001ccb068d7f0_0, 0, 1;
    %pushi/vec4 1, 0, 1;
    %store/vec4 v000001ccb068d610_0, 0, 1;
    %pushi/vec4 1, 0, 1;
    %store/vec4 v000001ccb068d890_0, 0, 1;
    %delay 5, 0;
    %pushi/vec4 1, 0, 1;
    %store/vec4 v000001ccb068d6b0_0, 0, 1;
    %pushi/vec4 0, 0, 1;
    %store/vec4 v000001ccb068d390_0, 0, 1;
    %pushi/vec4 0, 0, 1;
    %store/vec4 v000001ccb068d7f0_0, 0, 1;
    %pushi/vec4 1, 0, 1;
    %store/vec4 v000001ccb068d610_0, 0, 1;
    %pushi/vec4 0, 0, 1;
    %store/vec4 v000001ccb068d890_0, 0, 1;
    %delay 5, 0;
    %pushi/vec4 1, 0, 1;
    %store/vec4 v000001ccb068d6b0_0, 0, 1;
    %pushi/vec4 1, 0, 1;
    %store/vec4 v000001ccb068d390_0, 0, 1;
    %pushi/vec4 1, 0, 1;
    %store/vec4 v000001ccb068d7f0_0, 0, 1;
    %pushi/vec4 1, 0, 1;
    %store/vec4 v000001ccb068d610_0, 0, 1;
    %pushi/vec4 1, 0, 1;
    %store/vec4 v000001ccb068d890_0, 0, 1;
    %delay 5, 0;
    %pushi/vec4 0, 0, 1;
    %store/vec4 v000001ccb068d6b0_0, 0, 1;
    %pushi/vec4 1, 0, 1;
    %store/vec4 v000001ccb068d390_0, 0, 1;
    %pushi/vec4 1, 0, 1;
    %store/vec4 v000001ccb068d7f0_0, 0, 1;
    %pushi/vec4 1, 0, 1;
    %store/vec4 v000001ccb068d610_0, 0, 1;
    %pushi/vec4 1, 0, 1;
    %store/vec4 v000001ccb068d890_0, 0, 1;
    %delay 5, 0;
    %pushi/vec4 0, 0, 1;
    %store/vec4 v000001ccb068d6b0_0, 0, 1;
    %pushi/vec4 0, 0, 1;
    %store/vec4 v000001ccb068d390_0, 0, 1;
    %pushi/vec4 0, 0, 1;
    %store/vec4 v000001ccb068d7f0_0, 0, 1;
    %pushi/vec4 0, 0, 1;
    %store/vec4 v000001ccb068d610_0, 0, 1;
    %pushi/vec4 0, 0, 1;
    %store/vec4 v000001ccb068d890_0, 0, 1;
    %delay 5, 0;
    %pushi/vec4 0, 0, 1;
    %store/vec4 v000001ccb068d6b0_0, 0, 1;
    %pushi/vec4 1, 0, 1;
    %store/vec4 v000001ccb068d390_0, 0, 1;
    %pushi/vec4 1, 0, 1;
    %store/vec4 v000001ccb068d7f0_0, 0, 1;
    %pushi/vec4 1, 0, 1;
    %store/vec4 v000001ccb068d610_0, 0, 1;
    %pushi/vec4 0, 0, 1;
    %store/vec4 v000001ccb068d890_0, 0, 1;
    %end;
    .thread T_0;
# The file index is used to find the file name in the following table.
:file_names 4;
    "N/A";
    "<interactive>";
    "bloco_logico.tb.v";
    "bloco_logico.v";
